2016-12-10 13:56:35 [66.249.66.153][-][-][warning][yii\debug\Module::checkAccess] Access to debugger is denied due to IP address restriction. The requesting IP address is 66.249.66.153
    in /home/radioalbum.com.ar/public_html/basic/views/layouts/main.php:87
    in /home/radioalbum.com.ar/public_html/basic/modules/EditorPaginas/controllers/MainController.php:122
2016-12-10 13:56:35 [66.249.66.153][-][-][info][application] $_GET = [
    'h' => '1'
    'p' => '5'
    'r' => '71'
]

$_SERVER = [
    'PHPRC' => '/home/radioalbum.com.ar/fcgi-bin/../etc/php5'
    'SCRIPT_FILENAME' => '/home/radioalbum.com.ar/public_html/basic/web/index.php'
    'PATH' => '/usr/local/bin:/usr/bin:/bin'
    'PWD' => '/home/radioalbum.com.ar/fcgi-bin'
    'SHLVL' => '0'
    'PHP_FCGI_MAX_REQUESTS' => '99999'
    'PATH_TRANSLATED' => '/home/radioalbum.com.ar/public_html/novedades/1/5/71'
    'PATH_INFO' => '/novedades/1/5/71'
    'SCRIPT_NAME' => '/basic/web/index.php'
    'REQUEST_URI' => '/basic/web/index.php/novedades/1/5/71'
    'QUERY_STRING' => ''
    'REQUEST_METHOD' => 'GET'
    'SERVER_PROTOCOL' => 'HTTP/1.1'
    'GATEWAY_INTERFACE' => 'CGI/1.1'
    'REMOTE_PORT' => '43029'
    'SERVER_ADMIN' => '[no address given]'
    'DOCUMENT_ROOT' => '/home/radioalbum.com.ar/public_html'
    'REMOTE_ADDR' => '66.249.66.153'
    'SERVER_PORT' => '80'
    'SERVER_ADDR' => '179.43.119.210'
    'SERVER_NAME' => 'radioalbum.com.ar'
    'SERVER_SOFTWARE' => 'Apache/2.2.16 (Debian)'
    'SERVER_SIGNATURE' => '<address>Apache/2.2.16 (Debian) Server at radioalbum.com.ar Port 80</address>
'
    'HTTP_IF_MODIFIED_SINCE' => 'Tue, 15 Nov 2016 21:39:19 UTC'
    'HTTP_ACCEPT_ENCODING' => 'gzip,deflate,br'
    'HTTP_USER_AGENT' => 'Mozilla/5.0 (compatible; Googlebot/2.1; +http://www.google.com/bot.html)'
    'HTTP_FROM' => 'googlebot(at)googlebot.com'
    'HTTP_ACCEPT' => 'text/html,application/xhtml+xml,application/xml;q=0.9,*/*;q=0.8'
    'HTTP_CONNECTION' => 'close'
    'HTTP_HOST' => 'radioalbum.com.ar'
    'SCRIPT_URI' => 'http://radioalbum.com.ar/basic/web/index.php/novedades/1/5/71'
    'SCRIPT_URL' => '/basic/web/index.php/novedades/1/5/71'
    'FCGI_ROLE' => 'RESPONDER'
    'PHP_SELF' => '/basic/web/index.php/novedades/1/5/71'
    'REQUEST_TIME_FLOAT' => 1481388995.5848
    'REQUEST_TIME' => 1481388995
]
2016-12-10 15:17:36 [66.249.66.153][-][-][warning][yii\debug\Module::checkAccess] Access to debugger is denied due to IP address restriction. The requesting IP address is 66.249.66.153
    in /home/radioalbum.com.ar/public_html/basic/views/layouts/main.php:87
    in /home/radioalbum.com.ar/public_html/basic/modules/EditorPaginas/controllers/MainController.php:122
2016-12-10 15:17:36 [66.249.66.153][-][-][info][application] $_GET = [
    'h' => '1'
    'p' => '5'
    'r' => '83'
]

$_SERVER = [
    'PHPRC' => '/home/radioalbum.com.ar/fcgi-bin/../etc/php5'
    'SCRIPT_FILENAME' => '/home/radioalbum.com.ar/public_html/basic/web/index.php'
    'PATH' => '/usr/local/bin:/usr/bin:/bin'
    'PWD' => '/home/radioalbum.com.ar/fcgi-bin'
    'SHLVL' => '0'
    'PHP_FCGI_MAX_REQUESTS' => '99999'
    'PATH_TRANSLATED' => '/home/radioalbum.com.ar/public_html/novedades/1/5/83'
    'PATH_INFO' => '/novedades/1/5/83'
    'SCRIPT_NAME' => '/basic/web/index.php'
    'REQUEST_URI' => '/basic/web/index.php/novedades/1/5/83'
    'QUERY_STRING' => ''
    'REQUEST_METHOD' => 'GET'
    'SERVER_PROTOCOL' => 'HTTP/1.1'
    'GATEWAY_INTERFACE' => 'CGI/1.1'
    'REMOTE_PORT' => '46967'
    'SERVER_ADMIN' => '[no address given]'
    'DOCUMENT_ROOT' => '/home/radioalbum.com.ar/public_html'
    'REMOTE_ADDR' => '66.249.66.153'
    'SERVER_PORT' => '80'
    'SERVER_ADDR' => '179.43.119.210'
    'SERVER_NAME' => 'radioalbum.com.ar'
    'SERVER_SOFTWARE' => 'Apache/2.2.16 (Debian)'
    'SERVER_SIGNATURE' => '<address>Apache/2.2.16 (Debian) Server at radioalbum.com.ar Port 80</address>
'
    'HTTP_IF_MODIFIED_SINCE' => 'Wed, 16 Nov 2016 08:34:39 UTC'
    'HTTP_ACCEPT_ENCODING' => 'gzip,deflate,br'
    'HTTP_USER_AGENT' => 'Mozilla/5.0 (compatible; Googlebot/2.1; +http://www.google.com/bot.html)'
    'HTTP_FROM' => 'googlebot(at)googlebot.com'
    'HTTP_ACCEPT' => 'text/html,application/xhtml+xml,application/xml;q=0.9,*/*;q=0.8'
    'HTTP_CONNECTION' => 'close'
    'HTTP_HOST' => 'radioalbum.com.ar'
    'SCRIPT_URI' => 'http://radioalbum.com.ar/basic/web/index.php/novedades/1/5/83'
    'SCRIPT_URL' => '/basic/web/index.php/novedades/1/5/83'
    'FCGI_ROLE' => 'RESPONDER'
    'PHP_SELF' => '/basic/web/index.php/novedades/1/5/83'
    'REQUEST_TIME_FLOAT' => 1481393856.3777
    'REQUEST_TIME' => 1481393856
]
2016-12-10 16:02:41 [190.231.13.217][-][-][warning][yii\debug\Module::checkAccess] Access to debugger is denied due to IP address restriction. The requesting IP address is 190.231.13.217
    in /home/radioalbum.com.ar/public_html/basic/views/layouts/main.php:87
    in /home/radioalbum.com.ar/public_html/basic/modules/webplayer/controllers/WpController.php:57
2016-12-10 16:02:41 [190.231.13.217][-][-][info][application] $_COOKIE = [
    '_csrf' => 'a18b26dda6fbaa261c03b3828ace83005678cad7cbaa22c292e43f8fd74dcf8fs:32:\"WyDP7U_-5HIyH1LNIP707NPeEPY4D33h\";'
    'PHPSESSID' => 'e85gh8eqs4te1tmh816dci47e2'
    '_ga' => 'GA1.3.449390978.1481378590'
]

$_SESSION = [
    '__flash' => []
]

$_SERVER = [
    'PHPRC' => '/home/radioalbum.com.ar/fcgi-bin/../etc/php5'
    'SCRIPT_FILENAME' => '/home/radioalbum.com.ar/public_html/basic/web/index.php'
    'PATH' => '/usr/local/bin:/usr/bin:/bin'
    'PWD' => '/home/radioalbum.com.ar/fcgi-bin'
    'SHLVL' => '0'
    'PHP_FCGI_MAX_REQUESTS' => '99999'
    'PATH_TRANSLATED' => '/home/radioalbum.com.ar/public_html/webplayer'
    'PATH_INFO' => '/webplayer'
    'SCRIPT_NAME' => '/basic/web/index.php'
    'REQUEST_URI' => '/basic/web/index.php/webplayer'
    'QUERY_STRING' => ''
    'REQUEST_METHOD' => 'GET'
    'SERVER_PROTOCOL' => 'HTTP/1.1'
    'GATEWAY_INTERFACE' => 'CGI/1.1'
    'REMOTE_PORT' => '53774'
    'SERVER_ADMIN' => '[no address given]'
    'DOCUMENT_ROOT' => '/home/radioalbum.com.ar/public_html'
    'REMOTE_ADDR' => '190.231.13.217'
    'SERVER_PORT' => '80'
    'SERVER_ADDR' => '179.43.119.210'
    'SERVER_NAME' => 'radioalbum.com.ar'
    'SERVER_SOFTWARE' => 'Apache/2.2.16 (Debian)'
    'SERVER_SIGNATURE' => '<address>Apache/2.2.16 (Debian) Server at radioalbum.com.ar Port 80</address>
'
    'HTTP_COOKIE' => '_csrf=a18b26dda6fbaa261c03b3828ace83005678cad7cbaa22c292e43f8fd74dcf8fs%3A32%3A%22WyDP7U_-5HIyH1LNIP707NPeEPY4D33h%22%3B; PHPSESSID=e85gh8eqs4te1tmh816dci47e2; _ga=GA1.3.449390978.1481378590'
    'HTTP_ACCEPT_LANGUAGE' => 'es-ES,es;q=0.8'
    'HTTP_ACCEPT_ENCODING' => 'gzip, deflate, sdch'
    'HTTP_REFERER' => 'http://radioalbum.com.ar/basic/web/'
    'HTTP_ACCEPT' => 'text/html,application/xhtml+xml,application/xml;q=0.9,image/webp,*/*;q=0.8'
    'HTTP_USER_AGENT' => 'Mozilla/5.0 (Windows NT 10.0; WOW64) AppleWebKit/537.36 (KHTML, like Gecko) Chrome/54.0.2840.99 Safari/537.36'
    'HTTP_UPGRADE_INSECURE_REQUESTS' => '1'
    'HTTP_CACHE_CONTROL' => 'max-age=0'
    'HTTP_CONNECTION' => 'close'
    'HTTP_HOST' => 'radioalbum.com.ar'
    'SCRIPT_URI' => 'http://radioalbum.com.ar/basic/web/index.php/webplayer'
    'SCRIPT_URL' => '/basic/web/index.php/webplayer'
    'FCGI_ROLE' => 'RESPONDER'
    'PHP_SELF' => '/basic/web/index.php/webplayer'
    'REQUEST_TIME_FLOAT' => 1481396561.6476
    'REQUEST_TIME' => 1481396561
]
2016-12-10 16:38:57 [66.249.66.157][-][-][warning][yii\debug\Module::checkAccess] Access to debugger is denied due to IP address restriction. The requesting IP address is 66.249.66.157
    in /home/radioalbum.com.ar/public_html/basic/views/layouts/main.php:87
    in /home/radioalbum.com.ar/public_html/basic/modules/EditorPaginas/controllers/MainController.php:122
2016-12-10 16:38:57 [66.249.66.157][-][-][info][application] $_GET = [
    'h' => '1'
    'p' => '5'
    'r' => ''
]

$_SERVER = [
    'PHPRC' => '/home/radioalbum.com.ar/fcgi-bin/../etc/php5'
    'SCRIPT_FILENAME' => '/home/radioalbum.com.ar/public_html/basic/web/index.php'
    'PATH' => '/usr/local/bin:/usr/bin:/bin'
    'PWD' => '/home/radioalbum.com.ar/fcgi-bin'
    'SHLVL' => '0'
    'PHP_FCGI_MAX_REQUESTS' => '99999'
    'PATH_TRANSLATED' => '/home/radioalbum.com.ar/public_html/novedades/1/5'
    'PATH_INFO' => '/novedades/1/5'
    'SCRIPT_NAME' => '/basic/web/index.php'
    'REQUEST_URI' => '/basic/web/index.php/novedades/1/5'
    'QUERY_STRING' => ''
    'REQUEST_METHOD' => 'GET'
    'SERVER_PROTOCOL' => 'HTTP/1.1'
    'GATEWAY_INTERFACE' => 'CGI/1.1'
    'REMOTE_PORT' => '48414'
    'SERVER_ADMIN' => '[no address given]'
    'DOCUMENT_ROOT' => '/home/radioalbum.com.ar/public_html'
    'REMOTE_ADDR' => '66.249.66.157'
    'SERVER_PORT' => '80'
    'SERVER_ADDR' => '179.43.119.210'
    'SERVER_NAME' => 'radioalbum.com.ar'
    'SERVER_SOFTWARE' => 'Apache/2.2.16 (Debian)'
    'SERVER_SIGNATURE' => '<address>Apache/2.2.16 (Debian) Server at radioalbum.com.ar Port 80</address>
'
    'HTTP_IF_MODIFIED_SINCE' => 'Thu, 17 Nov 2016 10:36:16 UTC'
    'HTTP_ACCEPT_ENCODING' => 'gzip,deflate,br'
    'HTTP_USER_AGENT' => 'Mozilla/5.0 (compatible; Googlebot/2.1; +http://www.google.com/bot.html)'
    'HTTP_FROM' => 'googlebot(at)googlebot.com'
    'HTTP_ACCEPT' => 'text/html,application/xhtml+xml,application/xml;q=0.9,*/*;q=0.8'
    'HTTP_CONNECTION' => 'close'
    'HTTP_HOST' => 'radioalbum.com.ar'
    'SCRIPT_URI' => 'http://radioalbum.com.ar/basic/web/index.php/novedades/1/5'
    'SCRIPT_URL' => '/basic/web/index.php/novedades/1/5'
    'FCGI_ROLE' => 'RESPONDER'
    'PHP_SELF' => '/basic/web/index.php/novedades/1/5'
    'REQUEST_TIME_FLOAT' => 1481398737.6954
    'REQUEST_TIME' => 1481398737
]
2016-12-10 19:05:30 [66.249.66.153][-][-][error][yii\web\HttpException:404] exception 'yii\base\InvalidRouteException' with message 'Unable to resolve the request "webplayer/social/a/60/novedades/1/5/119".' in /home/radioalbum.com.ar/public_html/basic/vendor/yiisoft/yii2/base/Module.php:461
Stack trace:
#0 /home/radioalbum.com.ar/public_html/basic/vendor/yiisoft/yii2/web/Application.php(83): yii\base\Module->runAction('webplayer/socia...', Array)
#1 /home/radioalbum.com.ar/public_html/basic/vendor/yiisoft/yii2/base/Application.php(375): yii\web\Application->handleRequest(Object(yii\web\Request))
#2 /home/radioalbum.com.ar/public_html/basic/web/index.php(12): yii\base\Application->run()
#3 {main}

Next exception 'yii\web\NotFoundHttpException' with message 'Page not found.' in /home/radioalbum.com.ar/public_html/basic/vendor/yiisoft/yii2/web/Application.php:95
Stack trace:
#0 /home/radioalbum.com.ar/public_html/basic/vendor/yiisoft/yii2/base/Application.php(375): yii\web\Application->handleRequest(Object(yii\web\Request))
#1 /home/radioalbum.com.ar/public_html/basic/web/index.php(12): yii\base\Application->run()
#2 {main}
2016-12-10 19:05:30 [66.249.66.153][-][-][warning][yii\debug\Module::checkAccess] Access to debugger is denied due to IP address restriction. The requesting IP address is 66.249.66.153
    in /home/radioalbum.com.ar/public_html/basic/views/layouts/main.php:87
2016-12-10 19:05:30 [66.249.66.153][-][-][info][application] $_SERVER = [
    'PHPRC' => '/home/radioalbum.com.ar/fcgi-bin/../etc/php5'
    'SCRIPT_FILENAME' => '/home/radioalbum.com.ar/public_html/basic/web/index.php'
    'PATH' => '/usr/local/bin:/usr/bin:/bin'
    'PWD' => '/home/radioalbum.com.ar/fcgi-bin'
    'SHLVL' => '0'
    'PHP_FCGI_MAX_REQUESTS' => '99999'
    'PATH_TRANSLATED' => '/home/radioalbum.com.ar/public_html/webplayer/social/a/60/novedades/1/5/119'
    'PATH_INFO' => '/webplayer/social/a/60/novedades/1/5/119'
    'SCRIPT_NAME' => '/basic/web/index.php'
    'REQUEST_URI' => '/basic/web/index.php/webplayer/social/a/60/novedades/1/5/119'
    'QUERY_STRING' => ''
    'REQUEST_METHOD' => 'GET'
    'SERVER_PROTOCOL' => 'HTTP/1.1'
    'GATEWAY_INTERFACE' => 'CGI/1.1'
    'REMOTE_PORT' => '40864'
    'SERVER_ADMIN' => '[no address given]'
    'DOCUMENT_ROOT' => '/home/radioalbum.com.ar/public_html'
    'REMOTE_ADDR' => '66.249.66.153'
    'SERVER_PORT' => '80'
    'SERVER_ADDR' => '179.43.119.210'
    'SERVER_NAME' => 'radioalbum.com.ar'
    'SERVER_SOFTWARE' => 'Apache/2.2.16 (Debian)'
    'SERVER_SIGNATURE' => '<address>Apache/2.2.16 (Debian) Server at radioalbum.com.ar Port 80</address>
'
    'HTTP_ACCEPT_ENCODING' => 'gzip,deflate,br'
    'HTTP_USER_AGENT' => 'Mozilla/5.0 (compatible; Googlebot/2.1; +http://www.google.com/bot.html)'
    'HTTP_FROM' => 'googlebot(at)googlebot.com'
    'HTTP_ACCEPT' => 'text/html,application/xhtml+xml,application/xml;q=0.9,*/*;q=0.8'
    'HTTP_CONNECTION' => 'close'
    'HTTP_HOST' => 'radioalbum.com.ar'
    'SCRIPT_URI' => 'http://radioalbum.com.ar/basic/web/index.php/webplayer/social/a/60/novedades/1/5/119'
    'SCRIPT_URL' => '/basic/web/index.php/webplayer/social/a/60/novedades/1/5/119'
    'FCGI_ROLE' => 'RESPONDER'
    'PHP_SELF' => '/basic/web/index.php/webplayer/social/a/60/novedades/1/5/119'
    'REQUEST_TIME_FLOAT' => 1481407530.1325
    'REQUEST_TIME' => 1481407530
]
2016-12-10 21:45:44 [66.249.66.161][-][-][warning][yii\debug\Module::checkAccess] Access to debugger is denied due to IP address restriction. The requesting IP address is 66.249.66.161
    in /home/radioalbum.com.ar/public_html/basic/views/layouts/main.php:87
    in /home/radioalbum.com.ar/public_html/basic/modules/webplayer/controllers/WpController.php:78
2016-12-10 21:45:43 [66.249.66.161][-][-][info][application] $_GET = [
    'i' => 'a'
    'c' => '54'
    'a' => '1467'
    'x' => 'http://www.radioalbum.com.ar/basic/web/images/logora.png'
]

$_SERVER = [
    'PHPRC' => '/home/radioalbum.com.ar/fcgi-bin/../etc/php5'
    'SCRIPT_FILENAME' => '/home/radioalbum.com.ar/public_html/basic/web/index.php'
    'PATH' => '/usr/local/bin:/usr/bin:/bin'
    'PWD' => '/home/radioalbum.com.ar/fcgi-bin'
    'SHLVL' => '0'
    'PHP_FCGI_MAX_REQUESTS' => '99999'
    'PATH_TRANSLATED' => '/home/radioalbum.com.ar/public_html/webplayer/social/a/54/1467'
    'PATH_INFO' => '/webplayer/social/a/54/1467'
    'SCRIPT_NAME' => '/basic/web/index.php'
    'REQUEST_URI' => '/basic/web/index.php/webplayer/social/a/54/1467'
    'QUERY_STRING' => ''
    'REQUEST_METHOD' => 'GET'
    'SERVER_PROTOCOL' => 'HTTP/1.1'
    'GATEWAY_INTERFACE' => 'CGI/1.1'
    'REMOTE_PORT' => '38783'
    'SERVER_ADMIN' => '[no address given]'
    'DOCUMENT_ROOT' => '/home/radioalbum.com.ar/public_html'
    'REMOTE_ADDR' => '66.249.66.161'
    'SERVER_PORT' => '80'
    'SERVER_ADDR' => '179.43.119.210'
    'SERVER_NAME' => 'radioalbum.com.ar'
    'SERVER_SOFTWARE' => 'Apache/2.2.16 (Debian)'
    'SERVER_SIGNATURE' => '<address>Apache/2.2.16 (Debian) Server at radioalbum.com.ar Port 80</address>
'
    'HTTP_ACCEPT_ENCODING' => 'gzip,deflate,br'
    'HTTP_USER_AGENT' => 'Mozilla/5.0 (compatible; Googlebot/2.1; +http://www.google.com/bot.html)'
    'HTTP_FROM' => 'googlebot(at)googlebot.com'
    'HTTP_ACCEPT' => 'text/html,application/xhtml+xml,application/xml;q=0.9,*/*;q=0.8'
    'HTTP_CONNECTION' => 'close'
    'HTTP_HOST' => 'radioalbum.com.ar'
    'SCRIPT_URI' => 'http://radioalbum.com.ar/basic/web/index.php/webplayer/social/a/54/1467'
    'SCRIPT_URL' => '/basic/web/index.php/webplayer/social/a/54/1467'
    'FCGI_ROLE' => 'RESPONDER'
    'PHP_SELF' => '/basic/web/index.php/webplayer/social/a/54/1467'
    'REQUEST_TIME_FLOAT' => 1481417143.9817
    'REQUEST_TIME' => 1481417143
]
2016-12-11 07:54:49 [66.249.66.161][-][-][warning][yii\debug\Module::checkAccess] Access to debugger is denied due to IP address restriction. The requesting IP address is 66.249.66.161
    in /home/radioalbum.com.ar/public_html/basic/views/layouts/main.php:87
    in /home/radioalbum.com.ar/public_html/basic/modules/webplayer/controllers/WpController.php:78
2016-12-11 07:54:49 [66.249.66.161][-][-][info][application] $_GET = [
    'i' => 'a'
    'c' => '45'
    'a' => '1386'
    'x' => 'http://www.radioalbum.com.ar/basic/web/images/logora.png'
]

$_SERVER = [
    'PHPRC' => '/home/radioalbum.com.ar/fcgi-bin/../etc/php5'
    'SCRIPT_FILENAME' => '/home/radioalbum.com.ar/public_html/basic/web/index.php'
    'PATH' => '/usr/local/bin:/usr/bin:/bin'
    'PWD' => '/home/radioalbum.com.ar/fcgi-bin'
    'SHLVL' => '0'
    'PHP_FCGI_MAX_REQUESTS' => '99999'
    'PATH_TRANSLATED' => '/home/radioalbum.com.ar/public_html/webplayer/social/a/45/1386'
    'PATH_INFO' => '/webplayer/social/a/45/1386'
    'SCRIPT_NAME' => '/basic/web/index.php'
    'REQUEST_URI' => '/basic/web/index.php/webplayer/social/a/45/1386'
    'QUERY_STRING' => ''
    'REQUEST_METHOD' => 'GET'
    'SERVER_PROTOCOL' => 'HTTP/1.1'
    'GATEWAY_INTERFACE' => 'CGI/1.1'
    'REMOTE_PORT' => '56635'
    'SERVER_ADMIN' => '[no address given]'
    'DOCUMENT_ROOT' => '/home/radioalbum.com.ar/public_html'
    'REMOTE_ADDR' => '66.249.66.161'
    'SERVER_PORT' => '80'
    'SERVER_ADDR' => '179.43.119.210'
    'SERVER_NAME' => 'radioalbum.com.ar'
    'SERVER_SOFTWARE' => 'Apache/2.2.16 (Debian)'
    'SERVER_SIGNATURE' => '<address>Apache/2.2.16 (Debian) Server at radioalbum.com.ar Port 80</address>
'
    'HTTP_ACCEPT_ENCODING' => 'gzip,deflate,br'
    'HTTP_USER_AGENT' => 'Mozilla/5.0 (compatible; Googlebot/2.1; +http://www.google.com/bot.html)'
    'HTTP_FROM' => 'googlebot(at)googlebot.com'
    'HTTP_ACCEPT' => 'text/html,application/xhtml+xml,application/xml;q=0.9,*/*;q=0.8'
    'HTTP_CONNECTION' => 'close'
    'HTTP_HOST' => 'radioalbum.com.ar'
    'SCRIPT_URI' => 'http://radioalbum.com.ar/basic/web/index.php/webplayer/social/a/45/1386'
    'SCRIPT_URL' => '/basic/web/index.php/webplayer/social/a/45/1386'
    'FCGI_ROLE' => 'RESPONDER'
    'PHP_SELF' => '/basic/web/index.php/webplayer/social/a/45/1386'
    'REQUEST_TIME_FLOAT' => 1481453689.3018
    'REQUEST_TIME' => 1481453689
]
2016-12-11 07:59:00 [66.249.66.157][-][-][error][yii\web\HttpException:404] exception 'yii\base\InvalidRouteException' with message 'Unable to resolve the request "webplayer/social/a/45/novedades/1/5/116".' in /home/radioalbum.com.ar/public_html/basic/vendor/yiisoft/yii2/base/Module.php:461
Stack trace:
#0 /home/radioalbum.com.ar/public_html/basic/vendor/yiisoft/yii2/web/Application.php(83): yii\base\Module->runAction('webplayer/socia...', Array)
#1 /home/radioalbum.com.ar/public_html/basic/vendor/yiisoft/yii2/base/Application.php(375): yii\web\Application->handleRequest(Object(yii\web\Request))
#2 /home/radioalbum.com.ar/public_html/basic/web/index.php(12): yii\base\Application->run()
#3 {main}

Next exception 'yii\web\NotFoundHttpException' with message 'Page not found.' in /home/radioalbum.com.ar/public_html/basic/vendor/yiisoft/yii2/web/Application.php:95
Stack trace:
#0 /home/radioalbum.com.ar/public_html/basic/vendor/yiisoft/yii2/base/Application.php(375): yii\web\Application->handleRequest(Object(yii\web\Request))
#1 /home/radioalbum.com.ar/public_html/basic/web/index.php(12): yii\base\Application->run()
#2 {main}
2016-12-11 07:59:00 [66.249.66.157][-][-][warning][yii\debug\Module::checkAccess] Access to debugger is denied due to IP address restriction. The requesting IP address is 66.249.66.157
    in /home/radioalbum.com.ar/public_html/basic/views/layouts/main.php:87
2016-12-11 07:59:00 [66.249.66.157][-][-][info][application] $_SERVER = [
    'PHPRC' => '/home/radioalbum.com.ar/fcgi-bin/../etc/php5'
    'SCRIPT_FILENAME' => '/home/radioalbum.com.ar/public_html/basic/web/index.php'
    'PATH' => '/usr/local/bin:/usr/bin:/bin'
    'PWD' => '/home/radioalbum.com.ar/fcgi-bin'
    'SHLVL' => '0'
    'PHP_FCGI_MAX_REQUESTS' => '99999'
    'PATH_TRANSLATED' => '/home/radioalbum.com.ar/public_html/webplayer/social/a/45/novedades/1/5/116'
    'PATH_INFO' => '/webplayer/social/a/45/novedades/1/5/116'
    'SCRIPT_NAME' => '/basic/web/index.php'
    'REQUEST_URI' => '/basic/web/index.php/webplayer/social/a/45/novedades/1/5/116'
    'QUERY_STRING' => ''
    'REQUEST_METHOD' => 'GET'
    'SERVER_PROTOCOL' => 'HTTP/1.1'
    'GATEWAY_INTERFACE' => 'CGI/1.1'
    'REMOTE_PORT' => '39594'
    'SERVER_ADMIN' => '[no address given]'
    'DOCUMENT_ROOT' => '/home/radioalbum.com.ar/public_html'
    'REMOTE_ADDR' => '66.249.66.157'
    'SERVER_PORT' => '80'
    'SERVER_ADDR' => '179.43.119.210'
    'SERVER_NAME' => 'radioalbum.com.ar'
    'SERVER_SOFTWARE' => 'Apache/2.2.16 (Debian)'
    'SERVER_SIGNATURE' => '<address>Apache/2.2.16 (Debian) Server at radioalbum.com.ar Port 80</address>
'
    'HTTP_ACCEPT_ENCODING' => 'gzip,deflate,br'
    'HTTP_USER_AGENT' => 'Mozilla/5.0 (compatible; Googlebot/2.1; +http://www.google.com/bot.html)'
    'HTTP_FROM' => 'googlebot(at)googlebot.com'
    'HTTP_ACCEPT' => 'text/html,application/xhtml+xml,application/xml;q=0.9,*/*;q=0.8'
    'HTTP_CONNECTION' => 'close'
    'HTTP_HOST' => 'radioalbum.com.ar'
    'SCRIPT_URI' => 'http://radioalbum.com.ar/basic/web/index.php/webplayer/social/a/45/novedades/1/5/116'
    'SCRIPT_URL' => '/basic/web/index.php/webplayer/social/a/45/novedades/1/5/116'
    'FCGI_ROLE' => 'RESPONDER'
    'PHP_SELF' => '/basic/web/index.php/webplayer/social/a/45/novedades/1/5/116'
    'REQUEST_TIME_FLOAT' => 1481453940.9638
    'REQUEST_TIME' => 1481453940
]
2016-12-11 07:59:28 [66.249.66.161][-][-][error][yii\web\HttpException:404] exception 'yii\base\InvalidRouteException' with message 'Unable to resolve the request "webplayer/social/a/45/novedades/1/5/115".' in /home/radioalbum.com.ar/public_html/basic/vendor/yiisoft/yii2/base/Module.php:461
Stack trace:
#0 /home/radioalbum.com.ar/public_html/basic/vendor/yiisoft/yii2/web/Application.php(83): yii\base\Module->runAction('webplayer/socia...', Array)
#1 /home/radioalbum.com.ar/public_html/basic/vendor/yiisoft/yii2/base/Application.php(375): yii\web\Application->handleRequest(Object(yii\web\Request))
#2 /home/radioalbum.com.ar/public_html/basic/web/index.php(12): yii\base\Application->run()
#3 {main}

Next exception 'yii\web\NotFoundHttpException' with message 'Page not found.' in /home/radioalbum.com.ar/public_html/basic/vendor/yiisoft/yii2/web/Application.php:95
Stack trace:
#0 /home/radioalbum.com.ar/public_html/basic/vendor/yiisoft/yii2/base/Application.php(375): yii\web\Application->handleRequest(Object(yii\web\Request))
#1 /home/radioalbum.com.ar/public_html/basic/web/index.php(12): yii\base\Application->run()
#2 {main}
2016-12-11 07:59:28 [66.249.66.161][-][-][warning][yii\debug\Module::checkAccess] Access to debugger is denied due to IP address restriction. The requesting IP address is 66.249.66.161
    in /home/radioalbum.com.ar/public_html/basic/views/layouts/main.php:87
2016-12-11 07:59:28 [66.249.66.161][-][-][info][application] $_SERVER = [
    'PHPRC' => '/home/radioalbum.com.ar/fcgi-bin/../etc/php5'
    'SCRIPT_FILENAME' => '/home/radioalbum.com.ar/public_html/basic/web/index.php'
    'PATH' => '/usr/local/bin:/usr/bin:/bin'
    'PWD' => '/home/radioalbum.com.ar/fcgi-bin'
    'SHLVL' => '0'
    'PHP_FCGI_MAX_REQUESTS' => '99999'
    'PATH_TRANSLATED' => '/home/radioalbum.com.ar/public_html/webplayer/social/a/45/novedades/1/5/115'
    'PATH_INFO' => '/webplayer/social/a/45/novedades/1/5/115'
    'SCRIPT_NAME' => '/basic/web/index.php'
    'REQUEST_URI' => '/basic/web/index.php/webplayer/social/a/45/novedades/1/5/115'
    'QUERY_STRING' => ''
    'REQUEST_METHOD' => 'GET'
    'SERVER_PROTOCOL' => 'HTTP/1.1'
    'GATEWAY_INTERFACE' => 'CGI/1.1'
    'REMOTE_PORT' => '36811'
    'SERVER_ADMIN' => '[no address given]'
    'DOCUMENT_ROOT' => '/home/radioalbum.com.ar/public_html'
    'REMOTE_ADDR' => '66.249.66.161'
    'SERVER_PORT' => '80'
    'SERVER_ADDR' => '179.43.119.210'
    'SERVER_NAME' => 'radioalbum.com.ar'
    'SERVER_SOFTWARE' => 'Apache/2.2.16 (Debian)'
    'SERVER_SIGNATURE' => '<address>Apache/2.2.16 (Debian) Server at radioalbum.com.ar Port 80</address>
'
    'HTTP_ACCEPT_ENCODING' => 'gzip,deflate,br'
    'HTTP_USER_AGENT' => 'Mozilla/5.0 (compatible; Googlebot/2.1; +http://www.google.com/bot.html)'
    'HTTP_FROM' => 'googlebot(at)googlebot.com'
    'HTTP_ACCEPT' => 'text/html,application/xhtml+xml,application/xml;q=0.9,*/*;q=0.8'
    'HTTP_CONNECTION' => 'close'
    'HTTP_HOST' => 'radioalbum.com.ar'
    'SCRIPT_URI' => 'http://radioalbum.com.ar/basic/web/index.php/webplayer/social/a/45/novedades/1/5/115'
    'SCRIPT_URL' => '/basic/web/index.php/webplayer/social/a/45/novedades/1/5/115'
    'FCGI_ROLE' => 'RESPONDER'
    'PHP_SELF' => '/basic/web/index.php/webplayer/social/a/45/novedades/1/5/115'
    'REQUEST_TIME_FLOAT' => 1481453968.1782
    'REQUEST_TIME' => 1481453968
]
2016-12-11 08:00:02 [66.249.66.153][-][-][error][yii\web\HttpException:404] exception 'yii\base\InvalidRouteException' with message 'Unable to resolve the request "webplayer/social/a/45/novedades/1/5/117".' in /home/radioalbum.com.ar/public_html/basic/vendor/yiisoft/yii2/base/Module.php:461
Stack trace:
#0 /home/radioalbum.com.ar/public_html/basic/vendor/yiisoft/yii2/web/Application.php(83): yii\base\Module->runAction('webplayer/socia...', Array)
#1 /home/radioalbum.com.ar/public_html/basic/vendor/yiisoft/yii2/base/Application.php(375): yii\web\Application->handleRequest(Object(yii\web\Request))
#2 /home/radioalbum.com.ar/public_html/basic/web/index.php(12): yii\base\Application->run()
#3 {main}

Next exception 'yii\web\NotFoundHttpException' with message 'Page not found.' in /home/radioalbum.com.ar/public_html/basic/vendor/yiisoft/yii2/web/Application.php:95
Stack trace:
#0 /home/radioalbum.com.ar/public_html/basic/vendor/yiisoft/yii2/base/Application.php(375): yii\web\Application->handleRequest(Object(yii\web\Request))
#1 /home/radioalbum.com.ar/public_html/basic/web/index.php(12): yii\base\Application->run()
#2 {main}
2016-12-11 08:00:02 [66.249.66.153][-][-][warning][yii\debug\Module::checkAccess] Access to debugger is denied due to IP address restriction. The requesting IP address is 66.249.66.153
    in /home/radioalbum.com.ar/public_html/basic/views/layouts/main.php:87
2016-12-11 08:00:02 [66.249.66.153][-][-][info][application] $_SERVER = [
    'PHPRC' => '/home/radioalbum.com.ar/fcgi-bin/../etc/php5'
    'SCRIPT_FILENAME' => '/home/radioalbum.com.ar/public_html/basic/web/index.php'
    'PATH' => '/usr/local/bin:/usr/bin:/bin'
    'PWD' => '/home/radioalbum.com.ar/fcgi-bin'
    'SHLVL' => '0'
    'PHP_FCGI_MAX_REQUESTS' => '99999'
    'PATH_TRANSLATED' => '/home/radioalbum.com.ar/public_html/webplayer/social/a/45/novedades/1/5/117'
    'PATH_INFO' => '/webplayer/social/a/45/novedades/1/5/117'
    'SCRIPT_NAME' => '/basic/web/index.php'
    'REQUEST_URI' => '/basic/web/index.php/webplayer/social/a/45/novedades/1/5/117'
    'QUERY_STRING' => ''
    'REQUEST_METHOD' => 'GET'
    'SERVER_PROTOCOL' => 'HTTP/1.1'
    'GATEWAY_INTERFACE' => 'CGI/1.1'
    'REMOTE_PORT' => '39715'
    'SERVER_ADMIN' => '[no address given]'
    'DOCUMENT_ROOT' => '/home/radioalbum.com.ar/public_html'
    'REMOTE_ADDR' => '66.249.66.153'
    'SERVER_PORT' => '80'
    'SERVER_ADDR' => '179.43.119.210'
    'SERVER_NAME' => 'radioalbum.com.ar'
    'SERVER_SOFTWARE' => 'Apache/2.2.16 (Debian)'
    'SERVER_SIGNATURE' => '<address>Apache/2.2.16 (Debian) Server at radioalbum.com.ar Port 80</address>
'
    'HTTP_ACCEPT_ENCODING' => 'gzip,deflate,br'
    'HTTP_USER_AGENT' => 'Mozilla/5.0 (compatible; Googlebot/2.1; +http://www.google.com/bot.html)'
    'HTTP_FROM' => 'googlebot(at)googlebot.com'
    'HTTP_ACCEPT' => 'text/html,application/xhtml+xml,application/xml;q=0.9,*/*;q=0.8'
    'HTTP_CONNECTION' => 'close'
    'HTTP_HOST' => 'radioalbum.com.ar'
    'SCRIPT_URI' => 'http://radioalbum.com.ar/basic/web/index.php/webplayer/social/a/45/novedades/1/5/117'
    'SCRIPT_URL' => '/basic/web/index.php/webplayer/social/a/45/novedades/1/5/117'
    'FCGI_ROLE' => 'RESPONDER'
    'PHP_SELF' => '/basic/web/index.php/webplayer/social/a/45/novedades/1/5/117'
    'REQUEST_TIME_FLOAT' => 1481454002.8263
    'REQUEST_TIME' => 1481454002
]
2016-12-11 08:01:09 [66.249.66.161][-][-][error][yii\web\HttpException:404] exception 'yii\base\InvalidRouteException' with message 'Unable to resolve the request "webplayer/social/a/45/novedades/1/5/118".' in /home/radioalbum.com.ar/public_html/basic/vendor/yiisoft/yii2/base/Module.php:461
Stack trace:
#0 /home/radioalbum.com.ar/public_html/basic/vendor/yiisoft/yii2/web/Application.php(83): yii\base\Module->runAction('webplayer/socia...', Array)
#1 /home/radioalbum.com.ar/public_html/basic/vendor/yiisoft/yii2/base/Application.php(375): yii\web\Application->handleRequest(Object(yii\web\Request))
#2 /home/radioalbum.com.ar/public_html/basic/web/index.php(12): yii\base\Application->run()
#3 {main}

Next exception 'yii\web\NotFoundHttpException' with message 'Page not found.' in /home/radioalbum.com.ar/public_html/basic/vendor/yiisoft/yii2/web/Application.php:95
Stack trace:
#0 /home/radioalbum.com.ar/public_html/basic/vendor/yiisoft/yii2/base/Application.php(375): yii\web\Application->handleRequest(Object(yii\web\Request))
#1 /home/radioalbum.com.ar/public_html/basic/web/index.php(12): yii\base\Application->run()
#2 {main}
2016-12-11 08:01:09 [66.249.66.161][-][-][warning][yii\debug\Module::checkAccess] Access to debugger is denied due to IP address restriction. The requesting IP address is 66.249.66.161
    in /home/radioalbum.com.ar/public_html/basic/views/layouts/main.php:87
2016-12-11 08:01:09 [66.249.66.161][-][-][info][application] $_SERVER = [
    'PHPRC' => '/home/radioalbum.com.ar/fcgi-bin/../etc/php5'
    'SCRIPT_FILENAME' => '/home/radioalbum.com.ar/public_html/basic/web/index.php'
    'PATH' => '/usr/local/bin:/usr/bin:/bin'
    'PWD' => '/home/radioalbum.com.ar/fcgi-bin'
    'SHLVL' => '0'
    'PHP_FCGI_MAX_REQUESTS' => '99999'
    'PATH_TRANSLATED' => '/home/radioalbum.com.ar/public_html/webplayer/social/a/45/novedades/1/5/118'
    'PATH_INFO' => '/webplayer/social/a/45/novedades/1/5/118'
    'SCRIPT_NAME' => '/basic/web/index.php'
    'REQUEST_URI' => '/basic/web/index.php/webplayer/social/a/45/novedades/1/5/118'
    'QUERY_STRING' => ''
    'REQUEST_METHOD' => 'GET'
    'SERVER_PROTOCOL' => 'HTTP/1.1'
    'GATEWAY_INTERFACE' => 'CGI/1.1'
    'REMOTE_PORT' => '60271'
    'SERVER_ADMIN' => '[no address given]'
    'DOCUMENT_ROOT' => '/home/radioalbum.com.ar/public_html'
    'REMOTE_ADDR' => '66.249.66.161'
    'SERVER_PORT' => '80'
    'SERVER_ADDR' => '179.43.119.210'
    'SERVER_NAME' => 'radioalbum.com.ar'
    'SERVER_SOFTWARE' => 'Apache/2.2.16 (Debian)'
    'SERVER_SIGNATURE' => '<address>Apache/2.2.16 (Debian) Server at radioalbum.com.ar Port 80</address>
'
    'HTTP_ACCEPT_ENCODING' => 'gzip,deflate,br'
    'HTTP_USER_AGENT' => 'Mozilla/5.0 (compatible; Googlebot/2.1; +http://www.google.com/bot.html)'
    'HTTP_FROM' => 'googlebot(at)googlebot.com'
    'HTTP_ACCEPT' => 'text/html,application/xhtml+xml,application/xml;q=0.9,*/*;q=0.8'
    'HTTP_CONNECTION' => 'close'
    'HTTP_HOST' => 'radioalbum.com.ar'
    'SCRIPT_URI' => 'http://radioalbum.com.ar/basic/web/index.php/webplayer/social/a/45/novedades/1/5/118'
    'SCRIPT_URL' => '/basic/web/index.php/webplayer/social/a/45/novedades/1/5/118'
    'FCGI_ROLE' => 'RESPONDER'
    'PHP_SELF' => '/basic/web/index.php/webplayer/social/a/45/novedades/1/5/118'
    'REQUEST_TIME_FLOAT' => 1481454069.3015
    'REQUEST_TIME' => 1481454069
]
2016-12-11 08:02:05 [66.249.66.161][-][-][error][yii\web\HttpException:404] exception 'yii\base\InvalidRouteException' with message 'Unable to resolve the request "webplayer/social/a/45/novedades/1/5/119".' in /home/radioalbum.com.ar/public_html/basic/vendor/yiisoft/yii2/base/Module.php:461
Stack trace:
#0 /home/radioalbum.com.ar/public_html/basic/vendor/yiisoft/yii2/web/Application.php(83): yii\base\Module->runAction('webplayer/socia...', Array)
#1 /home/radioalbum.com.ar/public_html/basic/vendor/yiisoft/yii2/base/Application.php(375): yii\web\Application->handleRequest(Object(yii\web\Request))
#2 /home/radioalbum.com.ar/public_html/basic/web/index.php(12): yii\base\Application->run()
#3 {main}

Next exception 'yii\web\NotFoundHttpException' with message 'Page not found.' in /home/radioalbum.com.ar/public_html/basic/vendor/yiisoft/yii2/web/Application.php:95
Stack trace:
#0 /home/radioalbum.com.ar/public_html/basic/vendor/yiisoft/yii2/base/Application.php(375): yii\web\Application->handleRequest(Object(yii\web\Request))
#1 /home/radioalbum.com.ar/public_html/basic/web/index.php(12): yii\base\Application->run()
#2 {main}
2016-12-11 08:02:05 [66.249.66.161][-][-][warning][yii\debug\Module::checkAccess] Access to debugger is denied due to IP address restriction. The requesting IP address is 66.249.66.161
    in /home/radioalbum.com.ar/public_html/basic/views/layouts/main.php:87
2016-12-11 08:02:05 [66.249.66.161][-][-][info][application] $_SERVER = [
    'PHPRC' => '/home/radioalbum.com.ar/fcgi-bin/../etc/php5'
    'SCRIPT_FILENAME' => '/home/radioalbum.com.ar/public_html/basic/web/index.php'
    'PATH' => '/usr/local/bin:/usr/bin:/bin'
    'PWD' => '/home/radioalbum.com.ar/fcgi-bin'
    'SHLVL' => '0'
    'PHP_FCGI_MAX_REQUESTS' => '99999'
    'PATH_TRANSLATED' => '/home/radioalbum.com.ar/public_html/webplayer/social/a/45/novedades/1/5/119'
    'PATH_INFO' => '/webplayer/social/a/45/novedades/1/5/119'
    'SCRIPT_NAME' => '/basic/web/index.php'
    'REQUEST_URI' => '/basic/web/index.php/webplayer/social/a/45/novedades/1/5/119'
    'QUERY_STRING' => ''
    'REQUEST_METHOD' => 'GET'
    'SERVER_PROTOCOL' => 'HTTP/1.1'
    'GATEWAY_INTERFACE' => 'CGI/1.1'
    'REMOTE_PORT' => '53115'
    'SERVER_ADMIN' => '[no address given]'
    'DOCUMENT_ROOT' => '/home/radioalbum.com.ar/public_html'
    'REMOTE_ADDR' => '66.249.66.161'
    'SERVER_PORT' => '80'
    'SERVER_ADDR' => '179.43.119.210'
    'SERVER_NAME' => 'radioalbum.com.ar'
    'SERVER_SOFTWARE' => 'Apache/2.2.16 (Debian)'
    'SERVER_SIGNATURE' => '<address>Apache/2.2.16 (Debian) Server at radioalbum.com.ar Port 80</address>
'
    'HTTP_ACCEPT_ENCODING' => 'gzip,deflate,br'
    'HTTP_USER_AGENT' => 'Mozilla/5.0 (compatible; Googlebot/2.1; +http://www.google.com/bot.html)'
    'HTTP_FROM' => 'googlebot(at)googlebot.com'
    'HTTP_ACCEPT' => 'text/html,application/xhtml+xml,application/xml;q=0.9,*/*;q=0.8'
    'HTTP_CONNECTION' => 'close'
    'HTTP_HOST' => 'radioalbum.com.ar'
    'SCRIPT_URI' => 'http://radioalbum.com.ar/basic/web/index.php/webplayer/social/a/45/novedades/1/5/119'
    'SCRIPT_URL' => '/basic/web/index.php/webplayer/social/a/45/novedades/1/5/119'
    'FCGI_ROLE' => 'RESPONDER'
    'PHP_SELF' => '/basic/web/index.php/webplayer/social/a/45/novedades/1/5/119'
    'REQUEST_TIME_FLOAT' => 1481454125.5524
    'REQUEST_TIME' => 1481454125
]
2016-12-11 11:03:08 [66.249.66.153][-][-][warning][yii\debug\Module::checkAccess] Access to debugger is denied due to IP address restriction. The requesting IP address is 66.249.66.153
    in /home/radioalbum.com.ar/public_html/basic/views/layouts/main.php:87
    in /home/radioalbum.com.ar/public_html/basic/modules/webplayer/controllers/WpController.php:78
2016-12-11 11:03:08 [66.249.66.153][-][-][info][application] $_GET = [
    'i' => 'a'
    'c' => '54'
    'a' => '1483'
    'x' => 'http://www.radioalbum.com.ar/basic/web/images/logora.png'
]

$_SERVER = [
    'PHPRC' => '/home/radioalbum.com.ar/fcgi-bin/../etc/php5'
    'SCRIPT_FILENAME' => '/home/radioalbum.com.ar/public_html/basic/web/index.php'
    'PATH' => '/usr/local/bin:/usr/bin:/bin'
    'PWD' => '/home/radioalbum.com.ar/fcgi-bin'
    'SHLVL' => '0'
    'PHP_FCGI_MAX_REQUESTS' => '99999'
    'PATH_TRANSLATED' => '/home/radioalbum.com.ar/public_html/webplayer/social/a/54/1483'
    'PATH_INFO' => '/webplayer/social/a/54/1483'
    'SCRIPT_NAME' => '/basic/web/index.php'
    'REQUEST_URI' => '/basic/web/index.php/webplayer/social/a/54/1483'
    'QUERY_STRING' => ''
    'REQUEST_METHOD' => 'GET'
    'SERVER_PROTOCOL' => 'HTTP/1.1'
    'GATEWAY_INTERFACE' => 'CGI/1.1'
    'REMOTE_PORT' => '58858'
    'SERVER_ADMIN' => '[no address given]'
    'DOCUMENT_ROOT' => '/home/radioalbum.com.ar/public_html'
    'REMOTE_ADDR' => '66.249.66.153'
    'SERVER_PORT' => '80'
    'SERVER_ADDR' => '179.43.119.210'
    'SERVER_NAME' => 'radioalbum.com.ar'
    'SERVER_SOFTWARE' => 'Apache/2.2.16 (Debian)'
    'SERVER_SIGNATURE' => '<address>Apache/2.2.16 (Debian) Server at radioalbum.com.ar Port 80</address>
'
    'HTTP_ACCEPT_ENCODING' => 'gzip,deflate,br'
    'HTTP_USER_AGENT' => 'Mozilla/5.0 (compatible; Googlebot/2.1; +http://www.google.com/bot.html)'
    'HTTP_FROM' => 'googlebot(at)googlebot.com'
    'HTTP_ACCEPT' => 'text/html,application/xhtml+xml,application/xml;q=0.9,*/*;q=0.8'
    'HTTP_CONNECTION' => 'close'
    'HTTP_HOST' => 'radioalbum.com.ar'
    'SCRIPT_URI' => 'http://radioalbum.com.ar/basic/web/index.php/webplayer/social/a/54/1483'
    'SCRIPT_URL' => '/basic/web/index.php/webplayer/social/a/54/1483'
    'FCGI_ROLE' => 'RESPONDER'
    'PHP_SELF' => '/basic/web/index.php/webplayer/social/a/54/1483'
    'REQUEST_TIME_FLOAT' => 1481464988.6618
    'REQUEST_TIME' => 1481464988
]
2016-12-11 13:06:55 [23.254.167.180][-][-][warning][yii\debug\Module::checkAccess] Access to debugger is denied due to IP address restriction. The requesting IP address is 23.254.167.180
    in /home/radioalbum.com.ar/public_html/basic/views/layouts/main.php:87
    in /home/radioalbum.com.ar/public_html/basic/controllers/SiteController.php:52
2016-12-11 13:06:55 [23.254.167.180][-][-][info][application] $_SERVER = [
    'PHPRC' => '/home/radioalbum.com.ar/fcgi-bin/../etc/php5'
    'SCRIPT_FILENAME' => '/home/radioalbum.com.ar/public_html/basic/web/index.php'
    'PATH' => '/usr/local/bin:/usr/bin:/bin'
    'PWD' => '/home/radioalbum.com.ar/fcgi-bin'
    'SHLVL' => '0'
    'PHP_FCGI_MAX_REQUESTS' => '99999'
    'HTTP_CONNECTION' => 'close'
    'SCRIPT_NAME' => '/basic/web/index.php'
    'REQUEST_URI' => '/basic/web/'
    'QUERY_STRING' => ''
    'REQUEST_METHOD' => 'GET'
    'SERVER_PROTOCOL' => 'HTTP/1.1'
    'GATEWAY_INTERFACE' => 'CGI/1.1'
    'REMOTE_PORT' => '49051'
    'SERVER_ADMIN' => '[no address given]'
    'DOCUMENT_ROOT' => '/home/radioalbum.com.ar/public_html'
    'REMOTE_ADDR' => '23.254.167.180'
    'SERVER_PORT' => '80'
    'SERVER_ADDR' => '179.43.119.210'
    'SERVER_NAME' => 'radioalbum.com.ar'
    'SERVER_SOFTWARE' => 'Apache/2.2.16 (Debian)'
    'SERVER_SIGNATURE' => '<address>Apache/2.2.16 (Debian) Server at radioalbum.com.ar Port 80</address>
'
    'HTTP_REFERER' => 'http://pizza-tycoon.com/'
    'HTTP_ACCEPT_ENCODING' => 'gzip,deflate'
    'HTTP_ACCEPT' => '*/*'
    'HTTP_HOST' => 'radioalbum.com.ar'
    'HTTP_USER_AGENT' => 'Mozilla/5.0 (X11; Linux x86_64) AppleWebKit/537.36 (KHTML, like Gecko) Chrome/37.0.2062.120 Safari/537.36'
    'SCRIPT_URI' => 'http://radioalbum.com.ar/basic/web/'
    'SCRIPT_URL' => '/basic/web/'
    'FCGI_ROLE' => 'RESPONDER'
    'PHP_SELF' => '/basic/web/index.php'
    'REQUEST_TIME_FLOAT' => 1481472415.2228
    'REQUEST_TIME' => 1481472415
]
2016-12-11 15:03:55 [216.145.14.142][-][-][warning][yii\debug\Module::checkAccess] Access to debugger is denied due to IP address restriction. The requesting IP address is 216.145.14.142
    in /home/radioalbum.com.ar/public_html/basic/views/layouts/main.php:87
    in /home/radioalbum.com.ar/public_html/basic/controllers/SiteController.php:52
2016-12-11 15:03:55 [216.145.14.142][-][-][info][application] $_SERVER = [
    'PHPRC' => '/home/radioalbum.com.ar/fcgi-bin/../etc/php5'
    'SCRIPT_FILENAME' => '/home/radioalbum.com.ar/public_html/basic/web/index.php'
    'PATH' => '/usr/local/bin:/usr/bin:/bin'
    'PWD' => '/home/radioalbum.com.ar/fcgi-bin'
    'SHLVL' => '0'
    'PHP_FCGI_MAX_REQUESTS' => '99999'
    'SCRIPT_NAME' => '/basic/web/index.php'
    'REQUEST_URI' => '/basic/web/'
    'QUERY_STRING' => ''
    'REQUEST_METHOD' => 'GET'
    'SERVER_PROTOCOL' => 'HTTP/1.1'
    'GATEWAY_INTERFACE' => 'CGI/1.1'
    'REMOTE_PORT' => '40027'
    'SERVER_ADMIN' => '[no address given]'
    'DOCUMENT_ROOT' => '/home/radioalbum.com.ar/public_html'
    'REMOTE_ADDR' => '216.145.14.142'
    'SERVER_PORT' => '80'
    'SERVER_ADDR' => '179.43.119.210'
    'SERVER_NAME' => 'radioalbum.com.ar'
    'SERVER_SOFTWARE' => 'Apache/2.2.16 (Debian)'
    'SERVER_SIGNATURE' => '<address>Apache/2.2.16 (Debian) Server at radioalbum.com.ar Port 80</address>
'
    'HTTP_WSIP' => '179.43.119.210'
    'HTTP_WSHOST' => 'www.radioalbum.com.ar'
    'HTTP_USER_AGENT' => 'Mozilla/5.0 (Windows; U; Windows NT 5.1; en; rv:1.9.0.13) Gecko/2009073022 Firefox/3.5.2 (.NET CLR 3.5.30729) SurveyBot/2.3 (DomainTools)'
    'HTTP_REFERER' => 'http://whois.domaintools.com/radioalbum.com.ar'
    'HTTP_HOST' => 'radioalbum.com.ar'
    'HTTP_FROM' => 'feedback@surveybot.com'
    'HTTP_ACCEPT_LANGUAGE' => 'en-us,fr-be;q=0.5'
    'HTTP_ACCEPT_ENCODING' => 'gzip, x-gzip, deflate'
    'HTTP_ACCEPT' => '*/*'
    'HTTP_PRAGMA' => 'no-cache'
    'HTTP_CONNECTION' => 'close'
    'SCRIPT_URI' => 'http://radioalbum.com.ar/basic/web/'
    'SCRIPT_URL' => '/basic/web/'
    'FCGI_ROLE' => 'RESPONDER'
    'PHP_SELF' => '/basic/web/index.php'
    'REQUEST_TIME_FLOAT' => 1481479435.9589
    'REQUEST_TIME' => 1481479435
]
2016-12-11 16:21:54 [66.249.83.207][-][-][warning][yii\debug\Module::checkAccess] Access to debugger is denied due to IP address restriction. The requesting IP address is 66.249.83.207
    in /home/radioalbum.com.ar/public_html/basic/views/layouts/main.php:87
    in /home/radioalbum.com.ar/public_html/basic/controllers/SiteController.php:52
2016-12-11 16:21:54 [66.249.83.207][-][-][info][application] $_SERVER = [
    'PHPRC' => '/home/radioalbum.com.ar/fcgi-bin/../etc/php5'
    'SCRIPT_FILENAME' => '/home/radioalbum.com.ar/public_html/basic/web/index.php'
    'PATH' => '/usr/local/bin:/usr/bin:/bin'
    'PWD' => '/home/radioalbum.com.ar/fcgi-bin'
    'SHLVL' => '0'
    'PHP_FCGI_MAX_REQUESTS' => '99999'
    'SCRIPT_NAME' => '/basic/web/index.php'
    'REQUEST_URI' => '/basic/web/'
    'QUERY_STRING' => ''
    'REQUEST_METHOD' => 'GET'
    'SERVER_PROTOCOL' => 'HTTP/1.1'
    'GATEWAY_INTERFACE' => 'CGI/1.1'
    'REMOTE_PORT' => '57985'
    'SERVER_ADMIN' => '[no address given]'
    'DOCUMENT_ROOT' => '/home/radioalbum.com.ar/public_html'
    'REMOTE_ADDR' => '66.249.83.207'
    'SERVER_PORT' => '80'
    'SERVER_ADDR' => '179.43.119.210'
    'SERVER_NAME' => 'radioalbum.com.ar'
    'SERVER_SOFTWARE' => 'Apache/2.2.16 (Debian)'
    'SERVER_SIGNATURE' => '<address>Apache/2.2.16 (Debian) Server at radioalbum.com.ar Port 80</address>
'
    'HTTP_X_FORWARDED_FOR' => '190.230.124.204'
    'HTTP_ACCEPT_ENCODING' => 'gzip,deflate,br'
    'HTTP_USER_AGENT' => 'Mozilla/5.0 (X11; Linux x86_64) AppleWebKit/537.36 (KHTML, like Gecko) Chrome/49.0.2623.75 Safari/537.36 Google Favicon'
    'HTTP_ACCEPT' => 'text/html,application/xhtml+xml,application/xml;q=0.9,*/*;q=0.8'
    'HTTP_CONNECTION' => 'close'
    'HTTP_HOST' => 'radioalbum.com.ar'
    'SCRIPT_URI' => 'http://radioalbum.com.ar/basic/web/'
    'SCRIPT_URL' => '/basic/web/'
    'FCGI_ROLE' => 'RESPONDER'
    'PHP_SELF' => '/basic/web/index.php'
    'REQUEST_TIME_FLOAT' => 1481484114.6403
    'REQUEST_TIME' => 1481484114
]
2016-12-11 17:21:00 [190.230.124.204][-][-][warning][yii\debug\Module::checkAccess] Access to debugger is denied due to IP address restriction. The requesting IP address is 190.230.124.204
    in /home/radioalbum.com.ar/public_html/basic/views/layouts/main.php:87
    in /home/radioalbum.com.ar/public_html/basic/controllers/SiteController.php:52
2016-12-11 17:21:00 [190.230.124.204][-][-][info][application] $_COOKIE = [
    '_ga' => 'GA1.3.32739293.1478488293'
]

$_SERVER = [
    'PHPRC' => '/home/radioalbum.com.ar/fcgi-bin/../etc/php5'
    'SCRIPT_FILENAME' => '/home/radioalbum.com.ar/public_html/basic/web/index.php'
    'PATH' => '/usr/local/bin:/usr/bin:/bin'
    'PWD' => '/home/radioalbum.com.ar/fcgi-bin'
    'SHLVL' => '0'
    'PHP_FCGI_MAX_REQUESTS' => '99999'
    'SCRIPT_NAME' => '/basic/web/index.php'
    'REQUEST_URI' => '/basic/web/'
    'QUERY_STRING' => ''
    'REQUEST_METHOD' => 'GET'
    'SERVER_PROTOCOL' => 'HTTP/1.1'
    'GATEWAY_INTERFACE' => 'CGI/1.1'
    'REMOTE_PORT' => '50608'
    'SERVER_ADMIN' => '[no address given]'
    'DOCUMENT_ROOT' => '/home/radioalbum.com.ar/public_html'
    'REMOTE_ADDR' => '190.230.124.204'
    'SERVER_PORT' => '80'
    'SERVER_ADDR' => '179.43.119.210'
    'SERVER_NAME' => 'radioalbum.com.ar'
    'SERVER_SOFTWARE' => 'Apache/2.2.16 (Debian)'
    'SERVER_SIGNATURE' => '<address>Apache/2.2.16 (Debian) Server at radioalbum.com.ar Port 80</address>
'
    'HTTP_COOKIE' => '_ga=GA1.3.32739293.1478488293'
    'HTTP_ACCEPT_LANGUAGE' => 'es-ES,es;q=0.8'
    'HTTP_ACCEPT_ENCODING' => 'gzip, deflate, sdch'
    'HTTP_ACCEPT' => 'text/html,application/xhtml+xml,application/xml;q=0.9,image/webp,*/*;q=0.8'
    'HTTP_USER_AGENT' => 'Mozilla/5.0 (Windows NT 6.1) AppleWebKit/537.36 (KHTML, like Gecko) Chrome/54.0.2840.99 Safari/537.36'
    'HTTP_UPGRADE_INSECURE_REQUESTS' => '1'
    'HTTP_CONNECTION' => 'close'
    'HTTP_HOST' => 'radioalbum.com.ar'
    'SCRIPT_URI' => 'http://radioalbum.com.ar/basic/web/'
    'SCRIPT_URL' => '/basic/web/'
    'FCGI_ROLE' => 'RESPONDER'
    'PHP_SELF' => '/basic/web/index.php'
    'REQUEST_TIME_FLOAT' => 1481487660.3458
    'REQUEST_TIME' => 1481487660
]
2016-12-11 17:21:09 [190.230.124.204][-][-][warning][yii\debug\Module::checkAccess] Access to debugger is denied due to IP address restriction. The requesting IP address is 190.230.124.204
    in /home/radioalbum.com.ar/public_html/basic/views/layouts/main.php:87
    in /home/radioalbum.com.ar/public_html/basic/modules/webplayer/controllers/WpController.php:57
2016-12-11 17:21:09 [190.230.124.204][-][-][info][application] $_COOKIE = [
    '_csrf' => 'fe364bf3af00c1d9b982b49e72af8e17243c9c4c3d4c894b86392ff4745f6348s:32:\"QhKZr_RjYc1DRpik4FD5P-q2uWhgmq7M\";'
    'PHPSESSID' => 'vcbqc6kia375db3gn96in8gb03'
    '_ga' => 'GA1.3.32739293.1478488293'
    '_gat' => '1'
]

$_SESSION = [
    '__flash' => []
]

$_SERVER = [
    'PHPRC' => '/home/radioalbum.com.ar/fcgi-bin/../etc/php5'
    'SCRIPT_FILENAME' => '/home/radioalbum.com.ar/public_html/basic/web/index.php'
    'PATH' => '/usr/local/bin:/usr/bin:/bin'
    'PWD' => '/home/radioalbum.com.ar/fcgi-bin'
    'SHLVL' => '0'
    'PHP_FCGI_MAX_REQUESTS' => '99999'
    'PATH_TRANSLATED' => '/home/radioalbum.com.ar/public_html/webplayer'
    'PATH_INFO' => '/webplayer'
    'SCRIPT_NAME' => '/basic/web/index.php'
    'REQUEST_URI' => '/basic/web/index.php/webplayer'
    'QUERY_STRING' => ''
    'REQUEST_METHOD' => 'GET'
    'SERVER_PROTOCOL' => 'HTTP/1.1'
    'GATEWAY_INTERFACE' => 'CGI/1.1'
    'REMOTE_PORT' => '50630'
    'SERVER_ADMIN' => '[no address given]'
    'DOCUMENT_ROOT' => '/home/radioalbum.com.ar/public_html'
    'REMOTE_ADDR' => '190.230.124.204'
    'SERVER_PORT' => '80'
    'SERVER_ADDR' => '179.43.119.210'
    'SERVER_NAME' => 'radioalbum.com.ar'
    'SERVER_SOFTWARE' => 'Apache/2.2.16 (Debian)'
    'SERVER_SIGNATURE' => '<address>Apache/2.2.16 (Debian) Server at radioalbum.com.ar Port 80</address>
'
    'HTTP_COOKIE' => '_csrf=fe364bf3af00c1d9b982b49e72af8e17243c9c4c3d4c894b86392ff4745f6348s%3A32%3A%22QhKZr_RjYc1DRpik4FD5P-q2uWhgmq7M%22%3B; PHPSESSID=vcbqc6kia375db3gn96in8gb03; _ga=GA1.3.32739293.1478488293; _gat=1'
    'HTTP_ACCEPT_LANGUAGE' => 'es-ES,es;q=0.8'
    'HTTP_ACCEPT_ENCODING' => 'gzip, deflate, sdch'
    'HTTP_REFERER' => 'http://radioalbum.com.ar/basic/web/'
    'HTTP_ACCEPT' => 'text/html,application/xhtml+xml,application/xml;q=0.9,image/webp,*/*;q=0.8'
    'HTTP_USER_AGENT' => 'Mozilla/5.0 (Windows NT 6.1) AppleWebKit/537.36 (KHTML, like Gecko) Chrome/54.0.2840.99 Safari/537.36'
    'HTTP_UPGRADE_INSECURE_REQUESTS' => '1'
    'HTTP_CONNECTION' => 'close'
    'HTTP_HOST' => 'radioalbum.com.ar'
    'SCRIPT_URI' => 'http://radioalbum.com.ar/basic/web/index.php/webplayer'
    'SCRIPT_URL' => '/basic/web/index.php/webplayer'
    'FCGI_ROLE' => 'RESPONDER'
    'PHP_SELF' => '/basic/web/index.php/webplayer'
    'REQUEST_TIME_FLOAT' => 1481487669.0083
    'REQUEST_TIME' => 1481487669
]
2016-12-12 00:31:15 [173.252.115.87][-][-][warning][yii\debug\Module::checkAccess] Access to debugger is denied due to IP address restriction. The requesting IP address is 173.252.115.87
    in /home/radioalbum.com.ar/public_html/basic/views/layouts/main.php:87
    in /home/radioalbum.com.ar/public_html/basic/modules/webplayer/controllers/WpController.php:78
2016-12-12 00:31:15 [173.252.115.87][-][-][info][application] $_GET = [
    'i' => 'a'
    'c' => '54'
    'a' => '1383'
    'x' => 'http://www.radioalbum.com.ar/basic/web/images/logora.png'
]

$_SERVER = [
    'PHPRC' => '/home/radioalbum.com.ar/fcgi-bin/../etc/php5'
    'SCRIPT_FILENAME' => '/home/radioalbum.com.ar/public_html/basic/web/index.php'
    'PATH' => '/usr/local/bin:/usr/bin:/bin'
    'PWD' => '/home/radioalbum.com.ar/fcgi-bin'
    'SHLVL' => '0'
    'PHP_FCGI_MAX_REQUESTS' => '99999'
    'PATH_TRANSLATED' => '/home/radioalbum.com.ar/public_html/webplayer/social/a/54/1383'
    'PATH_INFO' => '/webplayer/social/a/54/1383'
    'SCRIPT_NAME' => '/basic/web/index.php'
    'REQUEST_URI' => '/basic/web/index.php/webplayer/social/a/54/1383'
    'QUERY_STRING' => ''
    'REQUEST_METHOD' => 'GET'
    'SERVER_PROTOCOL' => 'HTTP/1.1'
    'GATEWAY_INTERFACE' => 'CGI/1.1'
    'REMOTE_PORT' => '61428'
    'SERVER_ADMIN' => '[no address given]'
    'DOCUMENT_ROOT' => '/home/radioalbum.com.ar/public_html'
    'REMOTE_ADDR' => '173.252.115.87'
    'SERVER_PORT' => '80'
    'SERVER_ADDR' => '179.43.119.210'
    'SERVER_NAME' => 'radioalbum.com.ar'
    'SERVER_SOFTWARE' => 'Apache/2.2.16 (Debian)'
    'SERVER_SIGNATURE' => '<address>Apache/2.2.16 (Debian) Server at radioalbum.com.ar Port 80</address>
'
    'HTTP_CONNECTION' => 'close'
    'HTTP_HOST' => 'radioalbum.com.ar'
    'HTTP_ACCEPT_ENCODING' => 'deflate, gzip'
    'HTTP_ACCEPT' => '*/*'
    'SCRIPT_URI' => 'http://radioalbum.com.ar/basic/web/index.php/webplayer/social/a/54/1383'
    'SCRIPT_URL' => '/basic/web/index.php/webplayer/social/a/54/1383'
    'FCGI_ROLE' => 'RESPONDER'
    'PHP_SELF' => '/basic/web/index.php/webplayer/social/a/54/1383'
    'REQUEST_TIME_FLOAT' => 1481513475.0876
    'REQUEST_TIME' => 1481513475
]
2016-12-12 12:31:28 [152.170.26.201][-][-][warning][yii\debug\Module::checkAccess] Access to debugger is denied due to IP address restriction. The requesting IP address is 152.170.26.201
    in /home/radioalbum.com.ar/public_html/basic/views/layouts/main.php:87
    in /home/radioalbum.com.ar/public_html/basic/controllers/SiteController.php:67
2016-12-12 12:31:28 [152.170.26.201][-][-][info][application] $_COOKIE = [
    '_ga' => 'GA1.3.1737065977.1450276629'
]

$_SERVER = [
    'PHPRC' => '/home/radioalbum.com.ar/fcgi-bin/../etc/php5'
    'SCRIPT_FILENAME' => '/home/radioalbum.com.ar/public_html/basic/web/index.php'
    'PATH' => '/usr/local/bin:/usr/bin:/bin'
    'PWD' => '/home/radioalbum.com.ar/fcgi-bin'
    'SHLVL' => '0'
    'PHP_FCGI_MAX_REQUESTS' => '99999'
    'PATH_TRANSLATED' => '/home/radioalbum.com.ar/public_html/site/login'
    'PATH_INFO' => '/site/login'
    'SCRIPT_NAME' => '/basic/web/index.php'
    'REQUEST_URI' => '/basic/web/index.php/site/login'
    'QUERY_STRING' => ''
    'REQUEST_METHOD' => 'GET'
    'SERVER_PROTOCOL' => 'HTTP/1.1'
    'GATEWAY_INTERFACE' => 'CGI/1.1'
    'REMOTE_PORT' => '3326'
    'SERVER_ADMIN' => '[no address given]'
    'DOCUMENT_ROOT' => '/home/radioalbum.com.ar/public_html'
    'REMOTE_ADDR' => '152.170.26.201'
    'SERVER_PORT' => '80'
    'SERVER_ADDR' => '179.43.119.210'
    'SERVER_NAME' => 'radioalbum.com.ar'
    'SERVER_SOFTWARE' => 'Apache/2.2.16 (Debian)'
    'SERVER_SIGNATURE' => '<address>Apache/2.2.16 (Debian) Server at radioalbum.com.ar Port 80</address>
'
    'HTTP_COOKIE' => '_ga=GA1.3.1737065977.1450276629'
    'HTTP_ACCEPT_LANGUAGE' => 'es-419,es;q=0.8'
    'HTTP_ACCEPT_ENCODING' => 'gzip, deflate, sdch'
    'HTTP_USER_AGENT' => 'Mozilla/5.0 (Windows NT 5.1) AppleWebKit/537.36 (KHTML, like Gecko) Chrome/49.0.2623.112 Safari/537.36'
    'HTTP_UPGRADE_INSECURE_REQUESTS' => '1'
    'HTTP_ACCEPT' => 'text/html,application/xhtml+xml,application/xml;q=0.9,image/webp,*/*;q=0.8'
    'HTTP_CONNECTION' => 'close'
    'HTTP_HOST' => 'radioalbum.com.ar'
    'SCRIPT_URI' => 'http://radioalbum.com.ar/basic/web/index.php/site/login'
    'SCRIPT_URL' => '/basic/web/index.php/site/login'
    'FCGI_ROLE' => 'RESPONDER'
    'PHP_SELF' => '/basic/web/index.php/site/login'
    'REQUEST_TIME_FLOAT' => 1481556688.024
    'REQUEST_TIME' => 1481556688
]
2016-12-12 12:46:05 [190.230.124.204][-][-][warning][yii\debug\Module::checkAccess] Access to debugger is denied due to IP address restriction. The requesting IP address is 190.230.124.204
    in /home/radioalbum.com.ar/public_html/basic/views/layouts/main.php:87
    in /home/radioalbum.com.ar/public_html/basic/controllers/SiteController.php:52
2016-12-12 12:46:05 [190.230.124.204][-][-][info][application] $_COOKIE = [
    '_ga' => 'GA1.3.32739293.1478488293'
]

$_SERVER = [
    'PHPRC' => '/home/radioalbum.com.ar/fcgi-bin/../etc/php5'
    'SCRIPT_FILENAME' => '/home/radioalbum.com.ar/public_html/basic/web/index.php'
    'PATH' => '/usr/local/bin:/usr/bin:/bin'
    'PWD' => '/home/radioalbum.com.ar/fcgi-bin'
    'SHLVL' => '0'
    'PHP_FCGI_MAX_REQUESTS' => '99999'
    'SCRIPT_NAME' => '/basic/web/index.php'
    'REQUEST_URI' => '/basic/web/'
    'QUERY_STRING' => ''
    'REQUEST_METHOD' => 'GET'
    'SERVER_PROTOCOL' => 'HTTP/1.1'
    'GATEWAY_INTERFACE' => 'CGI/1.1'
    'REMOTE_PORT' => '56176'
    'SERVER_ADMIN' => '[no address given]'
    'DOCUMENT_ROOT' => '/home/radioalbum.com.ar/public_html'
    'REMOTE_ADDR' => '190.230.124.204'
    'SERVER_PORT' => '80'
    'SERVER_ADDR' => '179.43.119.210'
    'SERVER_NAME' => 'radioalbum.com.ar'
    'SERVER_SOFTWARE' => 'Apache/2.2.16 (Debian)'
    'SERVER_SIGNATURE' => '<address>Apache/2.2.16 (Debian) Server at radioalbum.com.ar Port 80</address>
'
    'HTTP_COOKIE' => '_ga=GA1.3.32739293.1478488293'
    'HTTP_ACCEPT_LANGUAGE' => 'es-ES,es;q=0.8'
    'HTTP_ACCEPT_ENCODING' => 'gzip, deflate, sdch'
    'HTTP_ACCEPT' => 'text/html,application/xhtml+xml,application/xml;q=0.9,image/webp,*/*;q=0.8'
    'HTTP_USER_AGENT' => 'Mozilla/5.0 (Windows NT 6.1) AppleWebKit/537.36 (KHTML, like Gecko) Chrome/54.0.2840.99 Safari/537.36'
    'HTTP_UPGRADE_INSECURE_REQUESTS' => '1'
    'HTTP_CONNECTION' => 'close'
    'HTTP_HOST' => 'radioalbum.com.ar'
    'SCRIPT_URI' => 'http://radioalbum.com.ar/basic/web/'
    'SCRIPT_URL' => '/basic/web/'
    'FCGI_ROLE' => 'RESPONDER'
    'PHP_SELF' => '/basic/web/index.php'
    'REQUEST_TIME_FLOAT' => 1481557565.057
    'REQUEST_TIME' => 1481557565
]
2016-12-12 12:46:11 [190.230.124.204][-][-][warning][yii\debug\Module::checkAccess] Access to debugger is denied due to IP address restriction. The requesting IP address is 190.230.124.204
    in /home/radioalbum.com.ar/public_html/basic/views/layouts/main.php:87
    in /home/radioalbum.com.ar/public_html/basic/modules/webplayer/controllers/WpController.php:57
2016-12-12 12:46:11 [190.230.124.204][-][-][info][application] $_COOKIE = [
    '_csrf' => 'efc630baa003545522d08ba23bb56bbba4d2b98cb2d187f4246649e9c55863c3s:32:\"eoa1gmCPLURuyVbkHeMaefNgWbFJ9wGm\";'
    'PHPSESSID' => 'ldk14nskr1o1nqes4qp9n2jeu5'
    '_ga' => 'GA1.3.32739293.1478488293'
    '_gat' => '1'
]

$_SESSION = [
    '__flash' => []
]

$_SERVER = [
    'PHPRC' => '/home/radioalbum.com.ar/fcgi-bin/../etc/php5'
    'SCRIPT_FILENAME' => '/home/radioalbum.com.ar/public_html/basic/web/index.php'
    'PATH' => '/usr/local/bin:/usr/bin:/bin'
    'PWD' => '/home/radioalbum.com.ar/fcgi-bin'
    'SHLVL' => '0'
    'PHP_FCGI_MAX_REQUESTS' => '99999'
    'PATH_TRANSLATED' => '/home/radioalbum.com.ar/public_html/webplayer'
    'PATH_INFO' => '/webplayer'
    'SCRIPT_NAME' => '/basic/web/index.php'
    'REQUEST_URI' => '/basic/web/index.php/webplayer'
    'QUERY_STRING' => ''
    'REQUEST_METHOD' => 'GET'
    'SERVER_PROTOCOL' => 'HTTP/1.1'
    'GATEWAY_INTERFACE' => 'CGI/1.1'
    'REMOTE_PORT' => '56183'
    'SERVER_ADMIN' => '[no address given]'
    'DOCUMENT_ROOT' => '/home/radioalbum.com.ar/public_html'
    'REMOTE_ADDR' => '190.230.124.204'
    'SERVER_PORT' => '80'
    'SERVER_ADDR' => '179.43.119.210'
    'SERVER_NAME' => 'radioalbum.com.ar'
    'SERVER_SOFTWARE' => 'Apache/2.2.16 (Debian)'
    'SERVER_SIGNATURE' => '<address>Apache/2.2.16 (Debian) Server at radioalbum.com.ar Port 80</address>
'
    'HTTP_COOKIE' => '_csrf=efc630baa003545522d08ba23bb56bbba4d2b98cb2d187f4246649e9c55863c3s%3A32%3A%22eoa1gmCPLURuyVbkHeMaefNgWbFJ9wGm%22%3B; PHPSESSID=ldk14nskr1o1nqes4qp9n2jeu5; _ga=GA1.3.32739293.1478488293; _gat=1'
    'HTTP_ACCEPT_LANGUAGE' => 'es-ES,es;q=0.8'
    'HTTP_ACCEPT_ENCODING' => 'gzip, deflate, sdch'
    'HTTP_REFERER' => 'http://radioalbum.com.ar/basic/web/'
    'HTTP_ACCEPT' => 'text/html,application/xhtml+xml,application/xml;q=0.9,image/webp,*/*;q=0.8'
    'HTTP_USER_AGENT' => 'Mozilla/5.0 (Windows NT 6.1) AppleWebKit/537.36 (KHTML, like Gecko) Chrome/54.0.2840.99 Safari/537.36'
    'HTTP_UPGRADE_INSECURE_REQUESTS' => '1'
    'HTTP_CONNECTION' => 'close'
    'HTTP_HOST' => 'radioalbum.com.ar'
    'SCRIPT_URI' => 'http://radioalbum.com.ar/basic/web/index.php/webplayer'
    'SCRIPT_URL' => '/basic/web/index.php/webplayer'
    'FCGI_ROLE' => 'RESPONDER'
    'PHP_SELF' => '/basic/web/index.php/webplayer'
    'REQUEST_TIME_FLOAT' => 1481557571.4366
    'REQUEST_TIME' => 1481557571
]
2016-12-12 12:52:54 [152.170.26.201][-][-][warning][yii\debug\Module::checkAccess] Access to debugger is denied due to IP address restriction. The requesting IP address is 152.170.26.201
    in /home/radioalbum.com.ar/public_html/basic/views/layouts/main.php:87
    in /home/radioalbum.com.ar/public_html/basic/controllers/SiteController.php:67
2016-12-12 12:52:54 [152.170.26.201][-][-][info][application] $_COOKIE = [
    '_csrf' => '35baa1209cbec90b0c31899a110c08087e5c9f8134b2a61dce5f1f7249ab7658s:32:\"OPrFabDkfMTQaUFGc9qi7mIYuKpaFkbP\";'
    '_ga' => 'GA1.3.1737065977.1450276629'
]

$_SERVER = [
    'PHPRC' => '/home/radioalbum.com.ar/fcgi-bin/../etc/php5'
    'SCRIPT_FILENAME' => '/home/radioalbum.com.ar/public_html/basic/web/index.php'
    'PATH' => '/usr/local/bin:/usr/bin:/bin'
    'PWD' => '/home/radioalbum.com.ar/fcgi-bin'
    'SHLVL' => '0'
    'PHP_FCGI_MAX_REQUESTS' => '99999'
    'PATH_TRANSLATED' => '/home/radioalbum.com.ar/public_html/site/login'
    'PATH_INFO' => '/site/login'
    'SCRIPT_NAME' => '/basic/web/index.php'
    'REQUEST_URI' => '/basic/web/index.php/site/login'
    'QUERY_STRING' => ''
    'REQUEST_METHOD' => 'GET'
    'SERVER_PROTOCOL' => 'HTTP/1.1'
    'GATEWAY_INTERFACE' => 'CGI/1.1'
    'REMOTE_PORT' => '3695'
    'SERVER_ADMIN' => '[no address given]'
    'DOCUMENT_ROOT' => '/home/radioalbum.com.ar/public_html'
    'REMOTE_ADDR' => '152.170.26.201'
    'SERVER_PORT' => '80'
    'SERVER_ADDR' => '179.43.119.210'
    'SERVER_NAME' => 'radioalbum.com.ar'
    'SERVER_SOFTWARE' => 'Apache/2.2.16 (Debian)'
    'SERVER_SIGNATURE' => '<address>Apache/2.2.16 (Debian) Server at radioalbum.com.ar Port 80</address>
'
    'HTTP_COOKIE' => '_csrf=35baa1209cbec90b0c31899a110c08087e5c9f8134b2a61dce5f1f7249ab7658s%3A32%3A%22OPrFabDkfMTQaUFGc9qi7mIYuKpaFkbP%22%3B; _ga=GA1.3.1737065977.1450276629'
    'HTTP_ACCEPT_LANGUAGE' => 'es-419,es;q=0.8'
    'HTTP_ACCEPT_ENCODING' => 'gzip, deflate, sdch'
    'HTTP_USER_AGENT' => 'Mozilla/5.0 (Windows NT 5.1) AppleWebKit/537.36 (KHTML, like Gecko) Chrome/49.0.2623.112 Safari/537.36'
    'HTTP_UPGRADE_INSECURE_REQUESTS' => '1'
    'HTTP_ACCEPT' => 'text/html,application/xhtml+xml,application/xml;q=0.9,image/webp,*/*;q=0.8'
    'HTTP_CONNECTION' => 'close'
    'HTTP_HOST' => 'radioalbum.com.ar'
    'SCRIPT_URI' => 'http://radioalbum.com.ar/basic/web/index.php/site/login'
    'SCRIPT_URL' => '/basic/web/index.php/site/login'
    'FCGI_ROLE' => 'RESPONDER'
    'PHP_SELF' => '/basic/web/index.php/site/login'
    'REQUEST_TIME_FLOAT' => 1481557974.3201
    'REQUEST_TIME' => 1481557974
]
2016-12-12 12:52:58 [152.170.26.201][100][-][warning][yii\debug\Module::checkAccess] Access to debugger is denied due to IP address restriction. The requesting IP address is 152.170.26.201
    in /home/radioalbum.com.ar/public_html/basic/views/layouts/main.php:87
    in /home/radioalbum.com.ar/public_html/basic/controllers/SiteController.php:52
2016-12-12 12:52:58 [152.170.26.201][100][-][info][application] $_COOKIE = [
    '_csrf' => '35baa1209cbec90b0c31899a110c08087e5c9f8134b2a61dce5f1f7249ab7658s:32:\"OPrFabDkfMTQaUFGc9qi7mIYuKpaFkbP\";'
    '_ga' => 'GA1.3.1737065977.1450276629'
    '_gat' => '1'
    '_identity' => '8c1406cfea1d56f2deca1717ace14c52ec2112571b6a342917be32bfab9b8f0cs:28:\"[\"100\",\"test100key\",2592000]\";'
    'PHPSESSID' => '1595dsnue9j99rns0efnkgihq7'
]

$_SESSION = [
    '__flash' => []
    '__id' => '100'
]

$_SERVER = [
    'PHPRC' => '/home/radioalbum.com.ar/fcgi-bin/../etc/php5'
    'SCRIPT_FILENAME' => '/home/radioalbum.com.ar/public_html/basic/web/index.php'
    'PATH' => '/usr/local/bin:/usr/bin:/bin'
    'PWD' => '/home/radioalbum.com.ar/fcgi-bin'
    'SHLVL' => '0'
    'PHP_FCGI_MAX_REQUESTS' => '99999'
    'SCRIPT_NAME' => '/basic/web/index.php'
    'REQUEST_URI' => '/basic/web/index.php'
    'QUERY_STRING' => ''
    'REQUEST_METHOD' => 'GET'
    'SERVER_PROTOCOL' => 'HTTP/1.1'
    'GATEWAY_INTERFACE' => 'CGI/1.1'
    'REMOTE_PORT' => '3698'
    'SERVER_ADMIN' => '[no address given]'
    'DOCUMENT_ROOT' => '/home/radioalbum.com.ar/public_html'
    'REMOTE_ADDR' => '152.170.26.201'
    'SERVER_PORT' => '80'
    'SERVER_ADDR' => '179.43.119.210'
    'SERVER_NAME' => 'radioalbum.com.ar'
    'SERVER_SOFTWARE' => 'Apache/2.2.16 (Debian)'
    'SERVER_SIGNATURE' => '<address>Apache/2.2.16 (Debian) Server at radioalbum.com.ar Port 80</address>
'
    'HTTP_COOKIE' => '_csrf=35baa1209cbec90b0c31899a110c08087e5c9f8134b2a61dce5f1f7249ab7658s%3A32%3A%22OPrFabDkfMTQaUFGc9qi7mIYuKpaFkbP%22%3B; _ga=GA1.3.1737065977.1450276629; _gat=1; _identity=8c1406cfea1d56f2deca1717ace14c52ec2112571b6a342917be32bfab9b8f0cs%3A28%3A%22%5B%22100%22%2C%22test100key%22%2C2592000%5D%22%3B; PHPSESSID=1595dsnue9j99rns0efnkgihq7'
    'HTTP_ACCEPT_LANGUAGE' => 'es-419,es;q=0.8'
    'HTTP_ACCEPT_ENCODING' => 'gzip, deflate, sdch'
    'HTTP_REFERER' => 'http://radioalbum.com.ar/basic/web/index.php/site/login'
    'HTTP_USER_AGENT' => 'Mozilla/5.0 (Windows NT 5.1) AppleWebKit/537.36 (KHTML, like Gecko) Chrome/49.0.2623.112 Safari/537.36'
    'HTTP_UPGRADE_INSECURE_REQUESTS' => '1'
    'HTTP_ACCEPT' => 'text/html,application/xhtml+xml,application/xml;q=0.9,image/webp,*/*;q=0.8'
    'HTTP_CACHE_CONTROL' => 'max-age=0'
    'HTTP_CONNECTION' => 'close'
    'HTTP_HOST' => 'radioalbum.com.ar'
    'SCRIPT_URI' => 'http://radioalbum.com.ar/basic/web/index.php'
    'SCRIPT_URL' => '/basic/web/index.php'
    'FCGI_ROLE' => 'RESPONDER'
    'PHP_SELF' => '/basic/web/index.php'
    'REQUEST_TIME_FLOAT' => 1481557978.7141
    'REQUEST_TIME' => 1481557978
]
2016-12-12 12:53:05 [152.170.26.201][100][-][warning][yii\debug\Module::checkAccess] Access to debugger is denied due to IP address restriction. The requesting IP address is 152.170.26.201
    in /home/radioalbum.com.ar/public_html/basic/views/layouts/main.php:87
    in /home/radioalbum.com.ar/public_html/basic/modules/mp3editor/controllers/MusicEditorController.php:37
2016-12-12 12:53:05 [152.170.26.201][100][-][info][application] $_COOKIE = [
    '_csrf' => '35baa1209cbec90b0c31899a110c08087e5c9f8134b2a61dce5f1f7249ab7658s:32:\"OPrFabDkfMTQaUFGc9qi7mIYuKpaFkbP\";'
    '_gat' => '1'
    '_identity' => '8c1406cfea1d56f2deca1717ace14c52ec2112571b6a342917be32bfab9b8f0cs:28:\"[\"100\",\"test100key\",2592000]\";'
    'PHPSESSID' => '1595dsnue9j99rns0efnkgihq7'
    '_ga' => 'GA1.3.1737065977.1450276629'
]

$_SESSION = [
    '__flash' => []
    '__id' => '100'
]

$_SERVER = [
    'PHPRC' => '/home/radioalbum.com.ar/fcgi-bin/../etc/php5'
    'SCRIPT_FILENAME' => '/home/radioalbum.com.ar/public_html/basic/web/index.php'
    'PATH' => '/usr/local/bin:/usr/bin:/bin'
    'PWD' => '/home/radioalbum.com.ar/fcgi-bin'
    'SHLVL' => '0'
    'PHP_FCGI_MAX_REQUESTS' => '99999'
    'PATH_TRANSLATED' => '/home/radioalbum.com.ar/public_html/tageditor'
    'PATH_INFO' => '/tageditor'
    'SCRIPT_NAME' => '/basic/web/index.php'
    'REQUEST_URI' => '/basic/web/index.php/tageditor'
    'QUERY_STRING' => ''
    'REQUEST_METHOD' => 'GET'
    'SERVER_PROTOCOL' => 'HTTP/1.1'
    'GATEWAY_INTERFACE' => 'CGI/1.1'
    'REMOTE_PORT' => '3698'
    'SERVER_ADMIN' => '[no address given]'
    'DOCUMENT_ROOT' => '/home/radioalbum.com.ar/public_html'
    'REMOTE_ADDR' => '152.170.26.201'
    'SERVER_PORT' => '80'
    'SERVER_ADDR' => '179.43.119.210'
    'SERVER_NAME' => 'radioalbum.com.ar'
    'SERVER_SOFTWARE' => 'Apache/2.2.16 (Debian)'
    'SERVER_SIGNATURE' => '<address>Apache/2.2.16 (Debian) Server at radioalbum.com.ar Port 80</address>
'
    'HTTP_COOKIE' => '_csrf=35baa1209cbec90b0c31899a110c08087e5c9f8134b2a61dce5f1f7249ab7658s%3A32%3A%22OPrFabDkfMTQaUFGc9qi7mIYuKpaFkbP%22%3B; _gat=1; _identity=8c1406cfea1d56f2deca1717ace14c52ec2112571b6a342917be32bfab9b8f0cs%3A28%3A%22%5B%22100%22%2C%22test100key%22%2C2592000%5D%22%3B; PHPSESSID=1595dsnue9j99rns0efnkgihq7; _ga=GA1.3.1737065977.1450276629'
    'HTTP_ACCEPT_LANGUAGE' => 'es-419,es;q=0.8'
    'HTTP_ACCEPT_ENCODING' => 'gzip, deflate, sdch'
    'HTTP_REFERER' => 'http://radioalbum.com.ar/basic/web/index.php'
    'HTTP_USER_AGENT' => 'Mozilla/5.0 (Windows NT 5.1) AppleWebKit/537.36 (KHTML, like Gecko) Chrome/49.0.2623.112 Safari/537.36'
    'HTTP_UPGRADE_INSECURE_REQUESTS' => '1'
    'HTTP_ACCEPT' => 'text/html,application/xhtml+xml,application/xml;q=0.9,image/webp,*/*;q=0.8'
    'HTTP_CONNECTION' => 'close'
    'HTTP_HOST' => 'radioalbum.com.ar'
    'SCRIPT_URI' => 'http://radioalbum.com.ar/basic/web/index.php/tageditor'
    'SCRIPT_URL' => '/basic/web/index.php/tageditor'
    'FCGI_ROLE' => 'RESPONDER'
    'PHP_SELF' => '/basic/web/index.php/tageditor'
    'REQUEST_TIME_FLOAT' => 1481557985.7069
    'REQUEST_TIME' => 1481557985
]
2016-12-12 12:56:56 [152.170.26.201][-][-][warning][yii\debug\Module::checkAccess] Access to debugger is denied due to IP address restriction. The requesting IP address is 152.170.26.201
    in /home/radioalbum.com.ar/public_html/basic/views/layouts/main.php:87
    in /home/radioalbum.com.ar/public_html/basic/controllers/SiteController.php:52
2016-12-12 12:56:56 [152.170.26.201][-][-][info][application] $_COOKIE = [
    '_csrf' => '35baa1209cbec90b0c31899a110c08087e5c9f8134b2a61dce5f1f7249ab7658s:32:\"OPrFabDkfMTQaUFGc9qi7mIYuKpaFkbP\";'
    '_gat' => '1'
    '_ga' => 'GA1.3.1737065977.1450276629'
    'PHPSESSID' => 'f9jc0esta2rjcrd7v3lhkcmjg1'
]

$_SESSION = [
    '__flash' => []
]

$_SERVER = [
    'PHPRC' => '/home/radioalbum.com.ar/fcgi-bin/../etc/php5'
    'SCRIPT_FILENAME' => '/home/radioalbum.com.ar/public_html/basic/web/index.php'
    'PATH' => '/usr/local/bin:/usr/bin:/bin'
    'PWD' => '/home/radioalbum.com.ar/fcgi-bin'
    'SHLVL' => '0'
    'PHP_FCGI_MAX_REQUESTS' => '99999'
    'SCRIPT_NAME' => '/basic/web/index.php'
    'REQUEST_URI' => '/basic/web/index.php'
    'QUERY_STRING' => ''
    'REQUEST_METHOD' => 'GET'
    'SERVER_PROTOCOL' => 'HTTP/1.1'
    'GATEWAY_INTERFACE' => 'CGI/1.1'
    'REMOTE_PORT' => '3738'
    'SERVER_ADMIN' => '[no address given]'
    'DOCUMENT_ROOT' => '/home/radioalbum.com.ar/public_html'
    'REMOTE_ADDR' => '152.170.26.201'
    'SERVER_PORT' => '80'
    'SERVER_ADDR' => '179.43.119.210'
    'SERVER_NAME' => 'radioalbum.com.ar'
    'SERVER_SOFTWARE' => 'Apache/2.2.16 (Debian)'
    'SERVER_SIGNATURE' => '<address>Apache/2.2.16 (Debian) Server at radioalbum.com.ar Port 80</address>
'
    'HTTP_COOKIE' => '_csrf=35baa1209cbec90b0c31899a110c08087e5c9f8134b2a61dce5f1f7249ab7658s%3A32%3A%22OPrFabDkfMTQaUFGc9qi7mIYuKpaFkbP%22%3B; _gat=1; _ga=GA1.3.1737065977.1450276629; PHPSESSID=f9jc0esta2rjcrd7v3lhkcmjg1'
    'HTTP_ACCEPT_LANGUAGE' => 'es-419,es;q=0.8'
    'HTTP_ACCEPT_ENCODING' => 'gzip, deflate, sdch'
    'HTTP_REFERER' => 'http://radioalbum.com.ar/basic/web/index.php/tageditor'
    'HTTP_USER_AGENT' => 'Mozilla/5.0 (Windows NT 5.1) AppleWebKit/537.36 (KHTML, like Gecko) Chrome/49.0.2623.112 Safari/537.36'
    'HTTP_UPGRADE_INSECURE_REQUESTS' => '1'
    'HTTP_ACCEPT' => 'text/html,application/xhtml+xml,application/xml;q=0.9,image/webp,*/*;q=0.8'
    'HTTP_CACHE_CONTROL' => 'max-age=0'
    'HTTP_CONNECTION' => 'close'
    'HTTP_HOST' => 'radioalbum.com.ar'
    'SCRIPT_URI' => 'http://radioalbum.com.ar/basic/web/index.php'
    'SCRIPT_URL' => '/basic/web/index.php'
    'FCGI_ROLE' => 'RESPONDER'
    'PHP_SELF' => '/basic/web/index.php'
    'REQUEST_TIME_FLOAT' => 1481558216.9464
    'REQUEST_TIME' => 1481558216
]
2016-12-12 13:00:36 [152.170.26.201][-][-][warning][yii\debug\Module::checkAccess] Access to debugger is denied due to IP address restriction. The requesting IP address is 152.170.26.201
    in /home/radioalbum.com.ar/public_html/basic/views/layouts/main.php:87
    in /home/radioalbum.com.ar/public_html/basic/modules/webplayer/controllers/WpController.php:57
2016-12-12 13:00:36 [152.170.26.201][-][-][info][application] $_COOKIE = [
    '_csrf' => '35baa1209cbec90b0c31899a110c08087e5c9f8134b2a61dce5f1f7249ab7658s:32:\"OPrFabDkfMTQaUFGc9qi7mIYuKpaFkbP\";'
    '_gat' => '1'
    'PHPSESSID' => 'f9jc0esta2rjcrd7v3lhkcmjg1'
    '_ga' => 'GA1.3.1737065977.1450276629'
]

$_SESSION = [
    '__flash' => []
]

$_SERVER = [
    'PHPRC' => '/home/radioalbum.com.ar/fcgi-bin/../etc/php5'
    'SCRIPT_FILENAME' => '/home/radioalbum.com.ar/public_html/basic/web/index.php'
    'PATH' => '/usr/local/bin:/usr/bin:/bin'
    'PWD' => '/home/radioalbum.com.ar/fcgi-bin'
    'SHLVL' => '0'
    'PHP_FCGI_MAX_REQUESTS' => '99999'
    'PATH_TRANSLATED' => '/home/radioalbum.com.ar/public_html/webplayer'
    'PATH_INFO' => '/webplayer'
    'SCRIPT_NAME' => '/basic/web/index.php'
    'REQUEST_URI' => '/basic/web/index.php/webplayer'
    'QUERY_STRING' => ''
    'REQUEST_METHOD' => 'GET'
    'SERVER_PROTOCOL' => 'HTTP/1.1'
    'GATEWAY_INTERFACE' => 'CGI/1.1'
    'REMOTE_PORT' => '3839'
    'SERVER_ADMIN' => '[no address given]'
    'DOCUMENT_ROOT' => '/home/radioalbum.com.ar/public_html'
    'REMOTE_ADDR' => '152.170.26.201'
    'SERVER_PORT' => '80'
    'SERVER_ADDR' => '179.43.119.210'
    'SERVER_NAME' => 'radioalbum.com.ar'
    'SERVER_SOFTWARE' => 'Apache/2.2.16 (Debian)'
    'SERVER_SIGNATURE' => '<address>Apache/2.2.16 (Debian) Server at radioalbum.com.ar Port 80</address>
'
    'HTTP_COOKIE' => '_csrf=35baa1209cbec90b0c31899a110c08087e5c9f8134b2a61dce5f1f7249ab7658s%3A32%3A%22OPrFabDkfMTQaUFGc9qi7mIYuKpaFkbP%22%3B; _gat=1; PHPSESSID=f9jc0esta2rjcrd7v3lhkcmjg1; _ga=GA1.3.1737065977.1450276629'
    'HTTP_ACCEPT_LANGUAGE' => 'es-419,es;q=0.8'
    'HTTP_ACCEPT_ENCODING' => 'gzip, deflate, sdch'
    'HTTP_REFERER' => 'http://radioalbum.com.ar/basic/web/index.php'
    'HTTP_USER_AGENT' => 'Mozilla/5.0 (Windows NT 5.1) AppleWebKit/537.36 (KHTML, like Gecko) Chrome/49.0.2623.112 Safari/537.36'
    'HTTP_UPGRADE_INSECURE_REQUESTS' => '1'
    'HTTP_ACCEPT' => 'text/html,application/xhtml+xml,application/xml;q=0.9,image/webp,*/*;q=0.8'
    'HTTP_CONNECTION' => 'close'
    'HTTP_HOST' => 'radioalbum.com.ar'
    'SCRIPT_URI' => 'http://radioalbum.com.ar/basic/web/index.php/webplayer'
    'SCRIPT_URL' => '/basic/web/index.php/webplayer'
    'FCGI_ROLE' => 'RESPONDER'
    'PHP_SELF' => '/basic/web/index.php/webplayer'
    'REQUEST_TIME_FLOAT' => 1481558436.4973
    'REQUEST_TIME' => 1481558436
]
2016-12-12 13:00:48 [66.220.152.174][-][-][warning][yii\debug\Module::checkAccess] Access to debugger is denied due to IP address restriction. The requesting IP address is 66.220.152.174
    in /home/radioalbum.com.ar/public_html/basic/views/layouts/main.php:87
    in /home/radioalbum.com.ar/public_html/basic/modules/webplayer/controllers/WpController.php:78
2016-12-12 13:00:48 [66.220.152.174][-][-][info][application] $_GET = [
    'i' => 'a'
    'c' => '54'
    'a' => '1513'
    'x' => 'http://www.radioalbum.com.ar/basic/web/images/logora.png'
]

$_SERVER = [
    'PHPRC' => '/home/radioalbum.com.ar/fcgi-bin/../etc/php5'
    'SCRIPT_FILENAME' => '/home/radioalbum.com.ar/public_html/basic/web/index.php'
    'PATH' => '/usr/local/bin:/usr/bin:/bin'
    'PWD' => '/home/radioalbum.com.ar/fcgi-bin'
    'SHLVL' => '0'
    'PHP_FCGI_MAX_REQUESTS' => '99999'
    'PATH_TRANSLATED' => '/home/radioalbum.com.ar/public_html/webplayer/social/a/54/1513'
    'PATH_INFO' => '/webplayer/social/a/54/1513'
    'SCRIPT_NAME' => '/basic/web/index.php'
    'REQUEST_URI' => '/basic/web/index.php/webplayer/social/a/54/1513'
    'QUERY_STRING' => ''
    'REQUEST_METHOD' => 'GET'
    'SERVER_PROTOCOL' => 'HTTP/1.1'
    'GATEWAY_INTERFACE' => 'CGI/1.1'
    'REMOTE_PORT' => '64126'
    'SERVER_ADMIN' => '[no address given]'
    'DOCUMENT_ROOT' => '/home/radioalbum.com.ar/public_html'
    'REMOTE_ADDR' => '66.220.152.174'
    'SERVER_PORT' => '80'
    'SERVER_ADDR' => '179.43.119.210'
    'SERVER_NAME' => 'radioalbum.com.ar'
    'SERVER_SOFTWARE' => 'Apache/2.2.16 (Debian)'
    'SERVER_SIGNATURE' => '<address>Apache/2.2.16 (Debian) Server at radioalbum.com.ar Port 80</address>
'
    'HTTP_CONNECTION' => 'close'
    'HTTP_HOST' => 'radioalbum.com.ar'
    'HTTP_RANGE' => 'bytes=0-524287'
    'HTTP_ACCEPT_ENCODING' => 'deflate, gzip'
    'HTTP_ACCEPT' => '*/*'
    'HTTP_USER_AGENT' => 'facebookexternalhit/1.1 (+http://www.facebook.com/externalhit_uatext.php)'
    'SCRIPT_URI' => 'http://radioalbum.com.ar/basic/web/index.php/webplayer/social/a/54/1513'
    'SCRIPT_URL' => '/basic/web/index.php/webplayer/social/a/54/1513'
    'FCGI_ROLE' => 'RESPONDER'
    'PHP_SELF' => '/basic/web/index.php/webplayer/social/a/54/1513'
    'REQUEST_TIME_FLOAT' => 1481558448.4685
    'REQUEST_TIME' => 1481558448
]
2016-12-12 13:30:37 [181.95.27.248][-][-][warning][yii\debug\Module::checkAccess] Access to debugger is denied due to IP address restriction. The requesting IP address is 181.95.27.248
    in /home/radioalbum.com.ar/public_html/basic/views/layouts/main.php:87
    in /home/radioalbum.com.ar/public_html/basic/controllers/SiteController.php:52
2016-12-12 13:30:37 [181.95.27.248][-][-][info][application] $_SERVER = [
    'PHPRC' => '/home/radioalbum.com.ar/fcgi-bin/../etc/php5'
    'SCRIPT_FILENAME' => '/home/radioalbum.com.ar/public_html/basic/web/index.php'
    'PATH' => '/usr/local/bin:/usr/bin:/bin'
    'PWD' => '/home/radioalbum.com.ar/fcgi-bin'
    'SHLVL' => '0'
    'PHP_FCGI_MAX_REQUESTS' => '99999'
    'SCRIPT_NAME' => '/basic/web/index.php'
    'REQUEST_URI' => '/basic/web/'
    'QUERY_STRING' => ''
    'REQUEST_METHOD' => 'GET'
    'SERVER_PROTOCOL' => 'HTTP/1.1'
    'GATEWAY_INTERFACE' => 'CGI/1.1'
    'REMOTE_PORT' => '59159'
    'SERVER_ADMIN' => '[no address given]'
    'DOCUMENT_ROOT' => '/home/radioalbum.com.ar/public_html'
    'REMOTE_ADDR' => '181.95.27.248'
    'SERVER_PORT' => '80'
    'SERVER_ADDR' => '179.43.119.210'
    'SERVER_NAME' => 'radioalbum.com.ar'
    'SERVER_SOFTWARE' => 'Apache/2.2.16 (Debian)'
    'SERVER_SIGNATURE' => '<address>Apache/2.2.16 (Debian) Server at radioalbum.com.ar Port 80</address>
'
    'HTTP_UPGRADE_INSECURE_REQUESTS' => '1'
    'HTTP_CONNECTION' => 'close'
    'HTTP_ACCEPT_ENCODING' => 'gzip, deflate'
    'HTTP_ACCEPT_LANGUAGE' => 'en-US,en;q=0.5'
    'HTTP_ACCEPT' => 'text/html,application/xhtml+xml,application/xml;q=0.9,*/*;q=0.8'
    'HTTP_USER_AGENT' => 'Mozilla/5.0 (X11; Ubuntu; Linux x86_64; rv:50.0) Gecko/20100101 Firefox/50.0'
    'HTTP_HOST' => 'radioalbum.com.ar'
    'SCRIPT_URI' => 'http://radioalbum.com.ar/basic/web/'
    'SCRIPT_URL' => '/basic/web/'
    'FCGI_ROLE' => 'RESPONDER'
    'PHP_SELF' => '/basic/web/index.php'
    'REQUEST_TIME_FLOAT' => 1481560237.0889
    'REQUEST_TIME' => 1481560237
]
